<!DOCTYPE html>
<html>
<head>
  
<meta http-equiv="Content-Type" content="text/html; charset=UTF-8" />

<script type="text/javascript" src="js/jquery.min.js"></script>
<script type="text/javascript" src="js/jquery.tablesorter.min.js"></script>
<script type="text/javascript" src="js/Chart.min.js"></script>
<script type="text/javascript" src="js/bootstrap.min.js"></script>

<link rel="stylesheet" href="css/bootstrap.min.css" type="text/css"/>
<link rel="stylesheet" href="css/reporting.css" type="text/css"/>
<link rel="stylesheet" href="css/font-awesome.min.css"/>
<link rel="shortcut icon" href="images/favicon.png"/>

<script type="text/javascript">
$(document).ready(function() {
    // this will tell tablesorter to try looking for the data-value attribute
    // if present, it'll sort by that instead
    // otherwise, it'll sort by the text content of the table cell
    $("#tablesorter").tablesorter({
        textAttribute: 'data-value',
        // ignores the first row of the header, the 'scenario', 'steps', since
        // sorting those doesn't make sense
        selectorHeaders: '> thead tr:not(.dont-sort) th',
        // use a stable sort
        sortStable: true
    });
});
</script>












  
<title>Cucumber-JVM Reports  - Feature: Group Chat</title>

</head>
<body>

<nav class="navbar navbar-default navbar-fixed-top" id="navigation">
  <div class="container-fluid">
    <div class="collapse navbar-collapse">
      <p class="navbar-text navbar-left">Cucumber-JVM Report</p>
      <ul class="nav navbar-nav navbar-right">
                <li role="presentation" ><a href="feature-overview.html">Features</a></li>
        <li role="presentation" ><a href="tag-overview.html">Tags</a></li>
        <li role="presentation" ><a href="step-overview.html">Steps</a></li>
        <li role="presentation" ><a href="failures-overview.html">Failures</a></li>
      </ul>
    </div>
  </div>
</nav>

<div class="container-fluid" id="build-info">
  <div class="row">
    <div class="col-md-6 col-md-offset-1">
      <table class="table table-bordered">
        <thead>
          <tr>
            <th>Project</th>
                          <th>Number</th>
                        <th>Date</th>
          </tr>
        </thead>
        <tbody>
          <tr class="info">
            <td>BigProjectCilsy</td>
                          <td>1</td>
                        <td>06 Oct 2022, 00:39</td>
          </tr>
        </tbody>
      </table>
    </div>
  </div>
</div>

<div id="report-lead" class="container-fluid>
  <div class="row">
    <div class="col-md-10 col-md-offset-1">
      <h2>Feature Report</h2>
          </div>
  </div>
</div>

<div class="container-fluid" id="summary">
  <div class="row">
    <div class="col-md-10 col-md-offset-1">
      <table class="stats-table">

        <thead>
  <tr class="header dont-sort">
        <th></th>
    <th colspan="3">Scenarios</th>
    <th colspan="6">Steps</th>
    <th colspan="2">Totals</th>
  </tr>
  <tr>
    <th>Feature</th>
        <th class="passed">Passed</th>
    <th class="failed">Failed</th>
    <th class="total">Total</th>
    <th class="passed">Passed</th>
    <th class="failed">Failed</th>
    <th class="skipped">Skipped</th>
    <th class="pending">Pending</th>
    <th class="undefined">Undefined</th>
    <th class="total">Total</th>
    <th>Duration</th>
    <th>Status</th>
  </tr>
</thead>

        <tbody>
        <tr>
          <td class="tagname">Group Chat</td>
                    <td  class="passed"    >6</td>
          <td  class="failed"    >8</td>
          <td class="total">14</td>
          <td      class="passed"    >36</td>
          <td      class="failed"    >4</td>
          <td     class="skipped"   >53</td>
          <td >0</td>
          <td >0</td>
          <td class="total">93</td>
          <td class="duration" data-value="104402000000">1m 44s 402ms</td>
          <td class="failed">Failed</td>
        </tr>
        </tbody>

      </table>
    </div>
  </div>
</div>



<div class="container-fluid" id="report">
  <div class="row">
    <div class="col-md-10 col-md-offset-1">
      <div class="feature">
        
<div class="tags indention">
       <a href="Regression.html">@Regression</a>
       <a href="Group_Chat.html">@Group_Chat</a>
  </div>

        
<div class="brief failed">
  <span class="keyword indention">Feature</span>
  <span class="name">Group Chat</span>
  

  </div>

        <div class="description indention">  User should be able to interact on Group Chat feature with another user</div>

        <div class="elements inner-level">
                      
<div class="element">
  
  
<div class="tags indention">
  </div>


    <span data-toggle="collapse" class=" collapsed  collapsable-control" data-target="#element-1">
    
<div class="brief passed">
  <span class="keyword indention">Background</span>
  <span class="name">User who has joined a company login with their credentials</span>
  

       <i class="chevron fa fa-fw"></i>
  </div>

  </span>
  <div class="description indention"></div>

  <div id="element-1" class="collapse collapsable-details ">
    


    
<div class="steps inner-level">
    <div data-toggle="collapse" class=" collapsed  collapsable-control" data-target="#steps-2">
    
<div class="brief passed">
  <span class="keyword indention">Steps</span>
  <span class="name"></span>
  

       <i class="chevron fa fa-fw"></i>
  </div>

  </div>

  <div id="steps-2" class="inner-level collapse collapsable-details ">
          <div class="step">
        
<div class="brief passed">
  <span class="keyword indention">Given</span>
  <span class="name">User logs in with their credentials</span>
  
  <span class="lead-duration duration">663ms</span>

  </div>

        


        
        

        

        

      </div>
          <div class="step">
        
<div class="brief passed">
  <span class="keyword indention">When</span>
  <span class="name">User select existing company that already joined</span>
  
  <span class="lead-duration duration">2s 060ms</span>

  </div>

        


        
        

        

        

      </div>
          <div class="step">
        
<div class="brief passed">
  <span class="keyword indention">Then</span>
  <span class="name">Verify user on the Home page of the company</span>
  
  <span class="lead-duration duration">180ms</span>

  </div>

        


        
        

        

        

      </div>
      </div>
</div>


    

  </div>
</div>

                      
<div class="element">
  
  
<div class="tags indention">
       <a href="Regression.html">@Regression</a>
       <a href="Group_Chat.html">@Group_Chat</a>
       <a href="Positive.html">@Positive</a>
       <a href="GC_01.html">@GC_01</a>
  </div>


    <span data-toggle="collapse" class=" collapsed  collapsable-control" data-target="#element-3">
    
<div class="brief passed">
  <span class="keyword indention">Scenario</span>
  <span class="name">Verify user navigated to group chat page when user select Group Chat card on the team page</span>
  

       <i class="chevron fa fa-fw"></i>
  </div>

  </span>
  <div class="description indention"></div>

  <div id="element-3" class="collapse collapsable-details ">
    
  <div class="inner-level hooks-before">
        <div data-toggle="collapse" class=" collapsed  collapsable-control" data-target="#before-4">
      
<div class="brief passed">
  <span class="keyword indention">Hooks</span>
  <span class="name"></span>
  

       <i class="chevron fa fa-fw"></i>
  </div>

    </div>

    <div id="before-4" class="inner-level collapse collapsable-details ">
              <div class="hook">
          <div class="brief passed">
            <span class="keyword indention">Before</span>
                          <span class="location name">stepDef.BaseTest.setUp()</span>
                        
  <span class="lead-duration duration">5s 060ms</span>

          </div>

                      

          
          

        </div>
          </div>
  </div>


    
<div class="steps inner-level">
    <div data-toggle="collapse" class=" collapsed  collapsable-control" data-target="#steps-5">
    
<div class="brief passed">
  <span class="keyword indention">Steps</span>
  <span class="name"></span>
  

       <i class="chevron fa fa-fw"></i>
  </div>

  </div>

  <div id="steps-5" class="inner-level collapse collapsable-details ">
          <div class="step">
        
<div class="brief passed">
  <span class="keyword indention">Given</span>
  <span class="name">User navigates to the Team page</span>
  
  <span class="lead-duration duration">283ms</span>

  </div>

        


        
        

        

        

      </div>
          <div class="step">
        
<div class="brief passed">
  <span class="keyword indention">When</span>
  <span class="name">User select Group Chat card</span>
  
  <span class="lead-duration duration">672ms</span>

  </div>

        


        
        

        

        

      </div>
          <div class="step">
        
<div class="brief passed">
  <span class="keyword indention">Then</span>
  <span class="name">User on the Group Chat page</span>
  
  <span class="lead-duration duration">2s 071ms</span>

  </div>

        


        
        

        

        

      </div>
      </div>
</div>


    
  <div class="inner-level hooks-after">
        <div data-toggle="collapse" class=" collapsed  collapsable-control" data-target="#after-6">
      
<div class="brief passed">
  <span class="keyword indention">Hooks</span>
  <span class="name"></span>
  

       <i class="chevron fa fa-fw"></i>
  </div>

    </div>

    <div id="after-6" class="inner-level collapse collapsable-details ">
              <div class="hook">
          <div class="brief passed">
            <span class="keyword indention">After</span>
                          <span class="location name">stepDef.BaseTest.tearDownBrowser()</span>
                        
  <span class="lead-duration duration">2s 991ms</span>

          </div>

                      

          
          

        </div>
          </div>
  </div>

  </div>
</div>

                      
<div class="element">
  
  
<div class="tags indention">
  </div>


    <span data-toggle="collapse" class=" collapsed  collapsable-control" data-target="#element-7">
    
<div class="brief passed">
  <span class="keyword indention">Background</span>
  <span class="name">User who has joined a company login with their credentials</span>
  

       <i class="chevron fa fa-fw"></i>
  </div>

  </span>
  <div class="description indention"></div>

  <div id="element-7" class="collapse collapsable-details ">
    


    
<div class="steps inner-level">
    <div data-toggle="collapse" class=" collapsed  collapsable-control" data-target="#steps-8">
    
<div class="brief passed">
  <span class="keyword indention">Steps</span>
  <span class="name"></span>
  

       <i class="chevron fa fa-fw"></i>
  </div>

  </div>

  <div id="steps-8" class="inner-level collapse collapsable-details ">
          <div class="step">
        
<div class="brief passed">
  <span class="keyword indention">Given</span>
  <span class="name">User logs in with their credentials</span>
  
  <span class="lead-duration duration">554ms</span>

  </div>

        


        
        

        

        

      </div>
          <div class="step">
        
<div class="brief passed">
  <span class="keyword indention">When</span>
  <span class="name">User select existing company that already joined</span>
  
  <span class="lead-duration duration">1s 572ms</span>

  </div>

        


        
        

        

        

      </div>
          <div class="step">
        
<div class="brief passed">
  <span class="keyword indention">Then</span>
  <span class="name">Verify user on the Home page of the company</span>
  
  <span class="lead-duration duration">215ms</span>

  </div>

        


        
        

        

        

      </div>
      </div>
</div>


    

  </div>
</div>

                      
<div class="element">
  
  
<div class="tags indention">
       <a href="Regression.html">@Regression</a>
       <a href="Group_Chat.html">@Group_Chat</a>
       <a href="Positive.html">@Positive</a>
       <a href="GC_02.html">@GC_02</a>
  </div>


    <span data-toggle="collapse" class=" collapsed  collapsable-control" data-target="#element-9">
    
<div class="brief passed">
  <span class="keyword indention">Scenario</span>
  <span class="name">Verify user can make some chat when user fills input field chat on the group chat page</span>
  

       <i class="chevron fa fa-fw"></i>
  </div>

  </span>
  <div class="description indention"></div>

  <div id="element-9" class="collapse collapsable-details ">
    
  <div class="inner-level hooks-before">
        <div data-toggle="collapse" class=" collapsed  collapsable-control" data-target="#before-10">
      
<div class="brief passed">
  <span class="keyword indention">Hooks</span>
  <span class="name"></span>
  

       <i class="chevron fa fa-fw"></i>
  </div>

    </div>

    <div id="before-10" class="inner-level collapse collapsable-details ">
              <div class="hook">
          <div class="brief passed">
            <span class="keyword indention">Before</span>
                          <span class="location name">stepDef.BaseTest.setUp()</span>
                        
  <span class="lead-duration duration">4s 917ms</span>

          </div>

                      

          
          

        </div>
          </div>
  </div>


    
<div class="steps inner-level">
    <div data-toggle="collapse" class=" collapsed  collapsable-control" data-target="#steps-11">
    
<div class="brief passed">
  <span class="keyword indention">Steps</span>
  <span class="name"></span>
  

       <i class="chevron fa fa-fw"></i>
  </div>

  </div>

  <div id="steps-11" class="inner-level collapse collapsable-details ">
          <div class="step">
        
<div class="brief passed">
  <span class="keyword indention">Given</span>
  <span class="name">User navigates to Group Chat page</span>
  
  <span class="lead-duration duration">3s 053ms</span>

  </div>

        


        
        

        

        

      </div>
          <div class="step">
        
<div class="brief passed">
  <span class="keyword indention">When</span>
  <span class="name">User sending some chat</span>
  
  <span class="lead-duration duration">253ms</span>

  </div>

        


        
        

        

        

      </div>
          <div class="step">
        
<div class="brief passed">
  <span class="keyword indention">Then</span>
  <span class="name">User should be can see their chat section</span>
  
  <span class="lead-duration duration">8s 139ms</span>

  </div>

        


        
        

        

        

      </div>
      </div>
</div>


    
  <div class="inner-level hooks-after">
        <div data-toggle="collapse" class=" collapsed  collapsable-control" data-target="#after-12">
      
<div class="brief passed">
  <span class="keyword indention">Hooks</span>
  <span class="name"></span>
  

       <i class="chevron fa fa-fw"></i>
  </div>

    </div>

    <div id="after-12" class="inner-level collapse collapsable-details ">
              <div class="hook">
          <div class="brief passed">
            <span class="keyword indention">After</span>
                          <span class="location name">stepDef.BaseTest.tearDownBrowser()</span>
                        
  <span class="lead-duration duration">3s 021ms</span>

          </div>

                      

          
          

        </div>
          </div>
  </div>

  </div>
</div>

                      
<div class="element">
  
  
<div class="tags indention">
  </div>


    <span data-toggle="collapse" class=" collapsed  collapsable-control" data-target="#element-13">
    
<div class="brief passed">
  <span class="keyword indention">Background</span>
  <span class="name">User who has joined a company login with their credentials</span>
  

       <i class="chevron fa fa-fw"></i>
  </div>

  </span>
  <div class="description indention"></div>

  <div id="element-13" class="collapse collapsable-details ">
    


    
<div class="steps inner-level">
    <div data-toggle="collapse" class=" collapsed  collapsable-control" data-target="#steps-14">
    
<div class="brief passed">
  <span class="keyword indention">Steps</span>
  <span class="name"></span>
  

       <i class="chevron fa fa-fw"></i>
  </div>

  </div>

  <div id="steps-14" class="inner-level collapse collapsable-details ">
          <div class="step">
        
<div class="brief passed">
  <span class="keyword indention">Given</span>
  <span class="name">User logs in with their credentials</span>
  
  <span class="lead-duration duration">613ms</span>

  </div>

        


        
        

        

        

      </div>
          <div class="step">
        
<div class="brief passed">
  <span class="keyword indention">When</span>
  <span class="name">User select existing company that already joined</span>
  
  <span class="lead-duration duration">1s</span>

  </div>

        


        
        

        

        

      </div>
          <div class="step">
        
<div class="brief passed">
  <span class="keyword indention">Then</span>
  <span class="name">Verify user on the Home page of the company</span>
  
  <span class="lead-duration duration">165ms</span>

  </div>

        


        
        

        

        

      </div>
      </div>
</div>


    

  </div>
</div>

                      
<div class="element">
  
  
<div class="tags indention">
       <a href="Regression.html">@Regression</a>
       <a href="Group_Chat.html">@Group_Chat</a>
       <a href="Positive.html">@Positive</a>
       <a href="GC_03.html">@GC_03</a>
  </div>


    <span data-toggle="collapse" class=" collapsed  collapsable-control" data-target="#element-15">
    
<div class="brief passed">
  <span class="keyword indention">Scenario</span>
  <span class="name">Verify user can receive some chat when another user sending some chat</span>
  

       <i class="chevron fa fa-fw"></i>
  </div>

  </span>
  <div class="description indention"></div>

  <div id="element-15" class="collapse collapsable-details ">
    
  <div class="inner-level hooks-before">
        <div data-toggle="collapse" class=" collapsed  collapsable-control" data-target="#before-16">
      
<div class="brief passed">
  <span class="keyword indention">Hooks</span>
  <span class="name"></span>
  

       <i class="chevron fa fa-fw"></i>
  </div>

    </div>

    <div id="before-16" class="inner-level collapse collapsable-details ">
              <div class="hook">
          <div class="brief passed">
            <span class="keyword indention">Before</span>
                          <span class="location name">stepDef.BaseTest.setUp()</span>
                        
  <span class="lead-duration duration">5s 028ms</span>

          </div>

                      

          
          

        </div>
          </div>
  </div>


    
<div class="steps inner-level">
    <div data-toggle="collapse" class=" collapsed  collapsable-control" data-target="#steps-17">
    
<div class="brief passed">
  <span class="keyword indention">Steps</span>
  <span class="name"></span>
  

       <i class="chevron fa fa-fw"></i>
  </div>

  </div>

  <div id="steps-17" class="inner-level collapse collapsable-details ">
          <div class="step">
        
<div class="brief passed">
  <span class="keyword indention">Given</span>
  <span class="name">User logs in with another account</span>
  
  <span class="lead-duration duration">2s 857ms</span>

  </div>

        


        
        

        

        

      </div>
          <div class="step">
        
<div class="brief passed">
  <span class="keyword indention">When</span>
  <span class="name">User navigates to Group Chat page</span>
  
  <span class="lead-duration duration">2s 885ms</span>

  </div>

        


        
        

        

        

      </div>
          <div class="step">
        
<div class="brief passed">
  <span class="keyword indention">And</span>
  <span class="name">Some message came in form another user</span>
  
  <span class="lead-duration duration">4s 046ms</span>

  </div>

        


        
        

        

        

      </div>
          <div class="step">
        
<div class="brief passed">
  <span class="keyword indention">And</span>
  <span class="name">User reply that message</span>
  
  <span class="lead-duration duration">210ms</span>

  </div>

        


        
        

        

        

      </div>
          <div class="step">
        
<div class="brief passed">
  <span class="keyword indention">Then</span>
  <span class="name">User should be can see their chat section</span>
  
  <span class="lead-duration duration">8s 146ms</span>

  </div>

        


        
        

        

        

      </div>
      </div>
</div>


    
  <div class="inner-level hooks-after">
        <div data-toggle="collapse" class=" collapsed  collapsable-control" data-target="#after-18">
      
<div class="brief passed">
  <span class="keyword indention">Hooks</span>
  <span class="name"></span>
  

       <i class="chevron fa fa-fw"></i>
  </div>

    </div>

    <div id="after-18" class="inner-level collapse collapsable-details ">
              <div class="hook">
          <div class="brief passed">
            <span class="keyword indention">After</span>
                          <span class="location name">stepDef.BaseTest.tearDownBrowser()</span>
                        
  <span class="lead-duration duration">2s 990ms</span>

          </div>

                      

          
          

        </div>
          </div>
  </div>

  </div>
</div>

                      
<div class="element">
  
  
<div class="tags indention">
  </div>


    <span data-toggle="collapse" class=" collapsed  collapsable-control" data-target="#element-19">
    
<div class="brief passed">
  <span class="keyword indention">Background</span>
  <span class="name">User who has joined a company login with their credentials</span>
  

       <i class="chevron fa fa-fw"></i>
  </div>

  </span>
  <div class="description indention"></div>

  <div id="element-19" class="collapse collapsable-details ">
    


    
<div class="steps inner-level">
    <div data-toggle="collapse" class=" collapsed  collapsable-control" data-target="#steps-20">
    
<div class="brief passed">
  <span class="keyword indention">Steps</span>
  <span class="name"></span>
  

       <i class="chevron fa fa-fw"></i>
  </div>

  </div>

  <div id="steps-20" class="inner-level collapse collapsable-details ">
          <div class="step">
        
<div class="brief passed">
  <span class="keyword indention">Given</span>
  <span class="name">User logs in with their credentials</span>
  
  <span class="lead-duration duration">538ms</span>

  </div>

        


        
        

        

        

      </div>
          <div class="step">
        
<div class="brief passed">
  <span class="keyword indention">When</span>
  <span class="name">User select existing company that already joined</span>
  
  <span class="lead-duration duration">1s 225ms</span>

  </div>

        


        
        

        

        

      </div>
          <div class="step">
        
<div class="brief passed">
  <span class="keyword indention">Then</span>
  <span class="name">Verify user on the Home page of the company</span>
  
  <span class="lead-duration duration">185ms</span>

  </div>

        


        
        

        

        

      </div>
      </div>
</div>


    

  </div>
</div>

                      
<div class="element">
  
  
<div class="tags indention">
       <a href="Regression.html">@Regression</a>
       <a href="Group_Chat.html">@Group_Chat</a>
       <a href="Negative.html">@Negative</a>
       <a href="GC_04.html">@GC_04</a>
  </div>


    <span data-toggle="collapse" class=" collapsable-control" data-target="#element-21">
    
<div class="brief failed">
  <span class="keyword indention">Scenario</span>
  <span class="name">Verify user can sending link address without space at end of char chat when user fills chatbox on group chat</span>
  

       <i class="chevron fa fa-fw"></i>
  </div>

  </span>
  <div class="description indention"></div>

  <div id="element-21" class="collapse collapsable-details  in ">
    
  <div class="inner-level hooks-before">
        <div data-toggle="collapse" class=" collapsed  collapsable-control" data-target="#before-22">
      
<div class="brief passed">
  <span class="keyword indention">Hooks</span>
  <span class="name"></span>
  

       <i class="chevron fa fa-fw"></i>
  </div>

    </div>

    <div id="before-22" class="inner-level collapse collapsable-details ">
              <div class="hook">
          <div class="brief passed">
            <span class="keyword indention">Before</span>
                          <span class="location name">stepDef.BaseTest.setUp()</span>
                        
  <span class="lead-duration duration">5s 286ms</span>

          </div>

                      

          
          

        </div>
          </div>
  </div>


    
<div class="steps inner-level">
    <div data-toggle="collapse" class=" collapsable-control" data-target="#steps-23">
    
<div class="brief failed">
  <span class="keyword indention">Steps</span>
  <span class="name"></span>
  

       <i class="chevron fa fa-fw"></i>
  </div>

  </div>

  <div id="steps-23" class="inner-level collapse collapsable-details  in ">
          <div class="step">
        
<div class="brief passed">
  <span class="keyword indention">Given</span>
  <span class="name">User navigates to Group Chat page</span>
  
  <span class="lead-duration duration">3s 111ms</span>

  </div>

        


        
        

        

        

      </div>
          <div class="step">
        
<div class="brief passed">
  <span class="keyword indention">When</span>
  <span class="name">User sending some link address without space at the end</span>
  
  <span class="lead-duration duration">478ms</span>

  </div>

        


        
        

        

        

      </div>
          <div class="step">
        
<div class="brief passed">
  <span class="keyword indention">Then</span>
  <span class="name">User should be can see their chat section</span>
  
  <span class="lead-duration duration">8s 125ms</span>

  </div>

        


        
        

        

        

      </div>
          <div class="step">
        
<div class="brief failed">
  <span class="keyword indention">And</span>
  <span class="name">User can navigates to that link</span>
  
  <span class="lead-duration duration">2s 315ms</span>

  </div>

        

  <div class="inner-level">
    <div class="message indention">
      <div data-toggle="collapse" class="collapsable-control" data-target="#msg-24">
          <a>Error message</a>
      </div>
      <div id="msg-24" class="collapse collapsable-details">
        <pre>java.net.UnknownHostException: medium
	at java.net.AbstractPlainSocketImpl.connect(AbstractPlainSocketImpl.java:196)
	at java.net.PlainSocketImpl.connect(PlainSocketImpl.java:162)
	at java.net.SocksSocketImpl.connect(SocksSocketImpl.java:394)
	at java.net.Socket.connect(Socket.java:606)
	at sun.security.ssl.SSLSocketImpl.connect(SSLSocketImpl.java:298)
	at sun.security.ssl.BaseSSLSocketImpl.connect(BaseSSLSocketImpl.java:173)
	at sun.net.NetworkClient.doConnect(NetworkClient.java:180)
	at sun.net.www.http.HttpClient.openServer(HttpClient.java:463)
	at sun.net.www.http.HttpClient.openServer(HttpClient.java:558)
	at sun.net.www.protocol.https.HttpsClient.<init>(HttpsClient.java:292)
	at sun.net.www.protocol.https.HttpsClient.New(HttpsClient.java:395)
	at sun.net.www.protocol.https.AbstractDelegateHttpsURLConnection.getNewHttpClient(AbstractDelegateHttpsURLConnection.java:203)
	at sun.net.www.protocol.http.HttpURLConnection.plainConnect0(HttpURLConnection.java:1167)
	at sun.net.www.protocol.http.HttpURLConnection.plainConnect(HttpURLConnection.java:1061)
	at sun.net.www.protocol.https.AbstractDelegateHttpsURLConnection.connect(AbstractDelegateHttpsURLConnection.java:189)
	at sun.net.www.protocol.https.HttpsURLConnectionImpl.connect(HttpsURLConnectionImpl.java:167)
	at pages.GroupChatPage.checkHrefLink(GroupChatPage.java:144)
	at pages.GroupChatPage.checkLinkAddressChat(GroupChatPage.java:152)
	at stepDef.GroupChatStepDef.userCanNavigatesToThatLink(GroupChatStepDef.java:103)
	at ✽.User can navigates to that link(file:///F:/QA%20Cilsy/Big%20Project/BigProjectCilsy/src/test/resources/features/groupChat.feature:36)
</pre>
      </div>
    </div>
  </div>


        
        

        

        

      </div>
      </div>
</div>


    
  <div class="inner-level hooks-after">
        <div data-toggle="collapse" class=" collapsed  collapsable-control" data-target="#after-25">
      
<div class="brief passed">
  <span class="keyword indention">Hooks</span>
  <span class="name"></span>
  

       <i class="chevron fa fa-fw"></i>
  </div>

    </div>

    <div id="after-25" class="inner-level collapse collapsable-details ">
              <div class="hook">
          <div class="brief passed">
            <span class="keyword indention">After</span>
                          <span class="location name">stepDef.BaseTest.tearDownBrowser()</span>
                        
  <span class="lead-duration duration">2s 997ms</span>

          </div>

                      

          
          

        </div>
          </div>
  </div>

  </div>
</div>

                      
<div class="element">
  
  
<div class="tags indention">
  </div>


    <span data-toggle="collapse" class=" collapsed  collapsable-control" data-target="#element-26">
    
<div class="brief passed">
  <span class="keyword indention">Background</span>
  <span class="name">User who has joined a company login with their credentials</span>
  

       <i class="chevron fa fa-fw"></i>
  </div>

  </span>
  <div class="description indention"></div>

  <div id="element-26" class="collapse collapsable-details ">
    


    
<div class="steps inner-level">
    <div data-toggle="collapse" class=" collapsed  collapsable-control" data-target="#steps-27">
    
<div class="brief passed">
  <span class="keyword indention">Steps</span>
  <span class="name"></span>
  

       <i class="chevron fa fa-fw"></i>
  </div>

  </div>

  <div id="steps-27" class="inner-level collapse collapsable-details ">
          <div class="step">
        
<div class="brief passed">
  <span class="keyword indention">Given</span>
  <span class="name">User logs in with their credentials</span>
  
  <span class="lead-duration duration">769ms</span>

  </div>

        


        
        

        

        

      </div>
          <div class="step">
        
<div class="brief passed">
  <span class="keyword indention">When</span>
  <span class="name">User select existing company that already joined</span>
  
  <span class="lead-duration duration">1s 505ms</span>

  </div>

        


        
        

        

        

      </div>
          <div class="step">
        
<div class="brief passed">
  <span class="keyword indention">Then</span>
  <span class="name">Verify user on the Home page of the company</span>
  
  <span class="lead-duration duration">144ms</span>

  </div>

        


        
        

        

        

      </div>
      </div>
</div>


    

  </div>
</div>

                      
<div class="element">
  
  
<div class="tags indention">
       <a href="Regression.html">@Regression</a>
       <a href="Group_Chat.html">@Group_Chat</a>
       <a href="Positive.html">@Positive</a>
       <a href="GC_05.html">@GC_05</a>
  </div>


    <span data-toggle="collapse" class=" collapsed  collapsable-control" data-target="#element-28">
    
<div class="brief passed">
  <span class="keyword indention">Scenario</span>
  <span class="name">Verify user can sending link address with space at end of char chat when user fills chatbox on group chat</span>
  

       <i class="chevron fa fa-fw"></i>
  </div>

  </span>
  <div class="description indention"></div>

  <div id="element-28" class="collapse collapsable-details ">
    
  <div class="inner-level hooks-before">
        <div data-toggle="collapse" class=" collapsed  collapsable-control" data-target="#before-29">
      
<div class="brief passed">
  <span class="keyword indention">Hooks</span>
  <span class="name"></span>
  

       <i class="chevron fa fa-fw"></i>
  </div>

    </div>

    <div id="before-29" class="inner-level collapse collapsable-details ">
              <div class="hook">
          <div class="brief passed">
            <span class="keyword indention">Before</span>
                          <span class="location name">stepDef.BaseTest.setUp()</span>
                        
  <span class="lead-duration duration">5s 106ms</span>

          </div>

                      

          
          

        </div>
          </div>
  </div>


    
<div class="steps inner-level">
    <div data-toggle="collapse" class=" collapsed  collapsable-control" data-target="#steps-30">
    
<div class="brief passed">
  <span class="keyword indention">Steps</span>
  <span class="name"></span>
  

       <i class="chevron fa fa-fw"></i>
  </div>

  </div>

  <div id="steps-30" class="inner-level collapse collapsable-details ">
          <div class="step">
        
<div class="brief passed">
  <span class="keyword indention">Given</span>
  <span class="name">User navigates to Group Chat page</span>
  
  <span class="lead-duration duration">3s 080ms</span>

  </div>

        


        
        

        

        

      </div>
          <div class="step">
        
<div class="brief passed">
  <span class="keyword indention">When</span>
  <span class="name">User sending some link address with space at the end</span>
  
  <span class="lead-duration duration">400ms</span>

  </div>

        


        
        

        

        

      </div>
          <div class="step">
        
<div class="brief passed">
  <span class="keyword indention">Then</span>
  <span class="name">User should be can see their chat section</span>
  
  <span class="lead-duration duration">8s 125ms</span>

  </div>

        


        
        

        

        

      </div>
          <div class="step">
        
<div class="brief passed">
  <span class="keyword indention">And</span>
  <span class="name">User can navigates to that link</span>
  
  <span class="lead-duration duration">1s 298ms</span>

  </div>

        


        
        

        

        

      </div>
      </div>
</div>


    
  <div class="inner-level hooks-after">
        <div data-toggle="collapse" class=" collapsed  collapsable-control" data-target="#after-31">
      
<div class="brief passed">
  <span class="keyword indention">Hooks</span>
  <span class="name"></span>
  

       <i class="chevron fa fa-fw"></i>
  </div>

    </div>

    <div id="after-31" class="inner-level collapse collapsable-details ">
              <div class="hook">
          <div class="brief passed">
            <span class="keyword indention">After</span>
                          <span class="location name">stepDef.BaseTest.tearDownBrowser()</span>
                        
  <span class="lead-duration duration">2s 983ms</span>

          </div>

                      

          
          

        </div>
          </div>
  </div>

  </div>
</div>

                      
<div class="element">
  
  
<div class="tags indention">
  </div>


    <span data-toggle="collapse" class=" collapsed  collapsable-control" data-target="#element-32">
    
<div class="brief passed">
  <span class="keyword indention">Background</span>
  <span class="name">User who has joined a company login with their credentials</span>
  

       <i class="chevron fa fa-fw"></i>
  </div>

  </span>
  <div class="description indention"></div>

  <div id="element-32" class="collapse collapsable-details ">
    


    
<div class="steps inner-level">
    <div data-toggle="collapse" class=" collapsed  collapsable-control" data-target="#steps-33">
    
<div class="brief passed">
  <span class="keyword indention">Steps</span>
  <span class="name"></span>
  

       <i class="chevron fa fa-fw"></i>
  </div>

  </div>

  <div id="steps-33" class="inner-level collapse collapsable-details ">
          <div class="step">
        
<div class="brief passed">
  <span class="keyword indention">Given</span>
  <span class="name">User logs in with their credentials</span>
  
  <span class="lead-duration duration">490ms</span>

  </div>

        


        
        

        

        

      </div>
          <div class="step">
        
<div class="brief passed">
  <span class="keyword indention">When</span>
  <span class="name">User select existing company that already joined</span>
  
  <span class="lead-duration duration">1s 274ms</span>

  </div>

        


        
        

        

        

      </div>
          <div class="step">
        
<div class="brief passed">
  <span class="keyword indention">Then</span>
  <span class="name">Verify user on the Home page of the company</span>
  
  <span class="lead-duration duration">253ms</span>

  </div>

        


        
        

        

        

      </div>
      </div>
</div>


    

  </div>
</div>

                      
<div class="element">
  
  
<div class="tags indention">
       <a href="Regression.html">@Regression</a>
       <a href="Group_Chat.html">@Group_Chat</a>
       <a href="Positive.html">@Positive</a>
       <a href="GC_06.html">@GC_06</a>
  </div>


    <span data-toggle="collapse" class=" collapsable-control" data-target="#element-34">
    
<div class="brief failed">
  <span class="keyword indention">Scenario</span>
  <span class="name">Verify user can delete their message that has been sent when user choose menu delete in that chat</span>
  

       <i class="chevron fa fa-fw"></i>
  </div>

  </span>
  <div class="description indention"></div>

  <div id="element-34" class="collapse collapsable-details  in ">
    
  <div class="inner-level hooks-before">
        <div data-toggle="collapse" class=" collapsed  collapsable-control" data-target="#before-35">
      
<div class="brief passed">
  <span class="keyword indention">Hooks</span>
  <span class="name"></span>
  

       <i class="chevron fa fa-fw"></i>
  </div>

    </div>

    <div id="before-35" class="inner-level collapse collapsable-details ">
              <div class="hook">
          <div class="brief passed">
            <span class="keyword indention">Before</span>
                          <span class="location name">stepDef.BaseTest.setUp()</span>
                        
  <span class="lead-duration duration">4s 982ms</span>

          </div>

                      

          
          

        </div>
          </div>
  </div>


    
<div class="steps inner-level">
    <div data-toggle="collapse" class=" collapsable-control" data-target="#steps-36">
    
<div class="brief failed">
  <span class="keyword indention">Steps</span>
  <span class="name"></span>
  

       <i class="chevron fa fa-fw"></i>
  </div>

  </div>

  <div id="steps-36" class="inner-level collapse collapsable-details  in ">
          <div class="step">
        
<div class="brief failed">
  <span class="keyword indention">Given</span>
  <span class="name">User navigates to Group Chat page</span>
  
  <span class="lead-duration duration">10s 718ms</span>

  </div>

        

  <div class="inner-level">
    <div class="message indention">
      <div data-toggle="collapse" class="collapsable-control" data-target="#msg-37">
          <a>Error message</a>
      </div>
      <div id="msg-37" class="collapse collapsable-details">
        <pre>org.openqa.selenium.TimeoutException: Expected condition failed: waiting for element to be clickable: Proxy element for: DefaultElementLocator 'By.xpath: (//div[@class='BoxMenu_container__1flgD'])[1]' (tried for 10 second(s) with 500 milliseconds interval)
	at org.openqa.selenium.support.ui.WebDriverWait.timeoutException(WebDriverWait.java:87)
	at org.openqa.selenium.support.ui.FluentWait.until(FluentWait.java:231)
	at utils.WebElementUtils.waitElementClickable(WebElementUtils.java:22)
	at pages.GroupChatPage.clickGroupChatCard(GroupChatPage.java:65)
	at stepDef.GroupChatStepDef.userNavigatesToGroupChatPage(GroupChatStepDef.java:43)
	at ✽.User navigates to Group Chat page(file:///F:/QA%20Cilsy/Big%20Project/BigProjectCilsy/src/test/resources/features/groupChat.feature:47)
Caused by: org.openqa.selenium.NoSuchElementException: no such element: Unable to locate element: {"method":"xpath","selector":"(//div[@class='BoxMenu_container__1flgD'])[1]"}
  (Session info: chrome=105.0.5195.127)
For documentation on this error, please visit: https://selenium.dev/exceptions/#no_such_element
Build info: version: '4.4.0', revision: 'e5c75ed026a'
System info: host: 'DESKTOP-2394L3V', ip: '192.168.100.8', os.name: 'Windows 10', os.arch: 'amd64', os.version: '10.0', java.version: '1.8.0_333'
Driver info: org.openqa.selenium.chrome.ChromeDriver
Command: [3eb5ca6fd67002ea8b985712ff67588a, findElement {using=xpath, value=(//div[@class='BoxMenu_container__1flgD'])[1]}]
Capabilities {acceptInsecureCerts: false, browserName: chrome, browserVersion: 105.0.5195.127, chrome: {chromedriverVersion: 105.0.5195.52 (412c95e51883..., userDataDir: C:\Users\imadu\AppData\Loca...}, goog:chromeOptions: {debuggerAddress: localhost:49957}, networkConnectionEnabled: false, pageLoadStrategy: normal, platformName: WINDOWS, proxy: Proxy(), se:cdp: ws://localhost:49957/devtoo..., se:cdpVersion: 105.0.5195.127, setWindowRect: true, strictFileInteractability: false, timeouts: {implicit: 0, pageLoad: 300000, script: 30000}, unhandledPromptBehavior: dismiss and notify, webauthn:extension:credBlob: true, webauthn:extension:largeBlob: true, webauthn:virtualAuthenticators: true}
Session ID: 3eb5ca6fd67002ea8b985712ff67588a
	at sun.reflect.GeneratedConstructorAccessor16.newInstance(Unknown Source)
	at sun.reflect.DelegatingConstructorAccessorImpl.newInstance(DelegatingConstructorAccessorImpl.java:45)
	at java.lang.reflect.Constructor.newInstance(Constructor.java:423)
	at org.openqa.selenium.remote.codec.w3c.W3CHttpResponseCodec.createException(W3CHttpResponseCodec.java:200)
	at org.openqa.selenium.remote.codec.w3c.W3CHttpResponseCodec.decode(W3CHttpResponseCodec.java:133)
	at org.openqa.selenium.remote.codec.w3c.W3CHttpResponseCodec.decode(W3CHttpResponseCodec.java:53)
	at org.openqa.selenium.remote.HttpCommandExecutor.execute(HttpCommandExecutor.java:184)
	at org.openqa.selenium.remote.service.DriverCommandExecutor.invokeExecute(DriverCommandExecutor.java:167)
	at org.openqa.selenium.remote.service.DriverCommandExecutor.execute(DriverCommandExecutor.java:142)
	at org.openqa.selenium.remote.RemoteWebDriver.execute(RemoteWebDriver.java:547)
	at org.openqa.selenium.remote.ElementLocation$ElementFinder$2.findElement(ElementLocation.java:162)
	at org.openqa.selenium.remote.ElementLocation.findElement(ElementLocation.java:60)
	at org.openqa.selenium.remote.RemoteWebDriver.findElement(RemoteWebDriver.java:365)
	at org.openqa.selenium.remote.RemoteWebDriver.findElement(RemoteWebDriver.java:357)
	at org.openqa.selenium.support.pagefactory.DefaultElementLocator.findElement(DefaultElementLocator.java:70)
	at org.openqa.selenium.support.pagefactory.internal.LocatingElementHandler.invoke(LocatingElementHandler.java:39)
	at com.sun.proxy.$Proxy23.isDisplayed(Unknown Source)
	at org.openqa.selenium.support.ui.ExpectedConditions.elementIfVisible(ExpectedConditions.java:307)
	at org.openqa.selenium.support.ui.ExpectedConditions.access$000(ExpectedConditions.java:40)
	at org.openqa.selenium.support.ui.ExpectedConditions$10.apply(ExpectedConditions.java:293)
	at org.openqa.selenium.support.ui.ExpectedConditions$10.apply(ExpectedConditions.java:290)
	at org.openqa.selenium.support.ui.ExpectedConditions$23.apply(ExpectedConditions.java:660)
	at org.openqa.selenium.support.ui.ExpectedConditions$23.apply(ExpectedConditions.java:656)
	at org.openqa.selenium.support.ui.FluentWait.until(FluentWait.java:208)
	at utils.WebElementUtils.waitElementClickable(WebElementUtils.java:22)
	at pages.GroupChatPage.clickGroupChatCard(GroupChatPage.java:65)
	at stepDef.GroupChatStepDef.userNavigatesToGroupChatPage(GroupChatStepDef.java:43)
	at sun.reflect.NativeMethodAccessorImpl.invoke0(Native Method)
	at sun.reflect.NativeMethodAccessorImpl.invoke(NativeMethodAccessorImpl.java:62)
	at sun.reflect.DelegatingMethodAccessorImpl.invoke(DelegatingMethodAccessorImpl.java:43)
	at java.lang.reflect.Method.invoke(Method.java:498)
	at io.cucumber.java.Invoker.doInvoke(Invoker.java:66)
	at io.cucumber.java.Invoker.invoke(Invoker.java:24)
	at io.cucumber.java.AbstractGlueDefinition.invokeMethod(AbstractGlueDefinition.java:47)
	at io.cucumber.java.JavaStepDefinition.execute(JavaStepDefinition.java:29)
	at io.cucumber.core.runner.CoreStepDefinition.execute(CoreStepDefinition.java:66)
	at io.cucumber.core.runner.PickleStepDefinitionMatch.runStep(PickleStepDefinitionMatch.java:63)
	at io.cucumber.core.runner.ExecutionMode$1.execute(ExecutionMode.java:10)
	at io.cucumber.core.runner.TestStep.executeStep(TestStep.java:85)
	at io.cucumber.core.runner.TestStep.run(TestStep.java:57)
	at io.cucumber.core.runner.PickleStepTestStep.run(PickleStepTestStep.java:51)
	at io.cucumber.core.runner.TestCase.run(TestCase.java:84)
	at io.cucumber.core.runner.Runner.runPickle(Runner.java:75)
	at io.cucumber.junit.PickleRunners$NoStepDescriptions.lambda$run$0(PickleRunners.java:151)
	at io.cucumber.core.runtime.CucumberExecutionContext.lambda$runTestCase$5(CucumberExecutionContext.java:129)
	at io.cucumber.core.runtime.RethrowingThrowableCollector.executeAndThrow(RethrowingThrowableCollector.java:23)
	at io.cucumber.core.runtime.CucumberExecutionContext.runTestCase(CucumberExecutionContext.java:129)
	at io.cucumber.junit.PickleRunners$NoStepDescriptions.run(PickleRunners.java:148)
	at io.cucumber.junit.FeatureRunner.runChild(FeatureRunner.java:144)
	at io.cucumber.junit.FeatureRunner.runChild(FeatureRunner.java:28)
	at org.junit.runners.ParentRunner$4.run(ParentRunner.java:331)
	at org.junit.runners.ParentRunner$1.schedule(ParentRunner.java:79)
	at org.junit.runners.ParentRunner.runChildren(ParentRunner.java:329)
	at org.junit.runners.ParentRunner.access$100(ParentRunner.java:66)
	at org.junit.runners.ParentRunner$2.evaluate(ParentRunner.java:293)
	at org.junit.runners.ParentRunner$3.evaluate(ParentRunner.java:306)
	at org.junit.runners.ParentRunner.run(ParentRunner.java:413)
	at io.cucumber.junit.FeatureRunner.run(FeatureRunner.java:137)
	at io.cucumber.junit.Cucumber.runChild(Cucumber.java:196)
	at io.cucumber.junit.Cucumber.runChild(Cucumber.java:89)
	at org.junit.runners.ParentRunner$4.run(ParentRunner.java:331)
	at org.junit.runners.ParentRunner$1.schedule(ParentRunner.java:79)
	at org.junit.runners.ParentRunner.runChildren(ParentRunner.java:329)
	at org.junit.runners.ParentRunner.access$100(ParentRunner.java:66)
	at org.junit.runners.ParentRunner$2.evaluate(ParentRunner.java:293)
	at io.cucumber.junit.Cucumber$RunBeforeAllHooks.evaluate(Cucumber.java:266)
	at io.cucumber.junit.Cucumber$RunAfterAllHooks.evaluate(Cucumber.java:281)
	at io.cucumber.junit.Cucumber$StartTestRun.evaluate(Cucumber.java:233)
	at io.cucumber.junit.Cucumber$FinishTestRun.evaluate(Cucumber.java:248)
	at org.junit.runners.ParentRunner$3.evaluate(ParentRunner.java:306)
	at org.junit.runners.ParentRunner.run(ParentRunner.java:413)
	at org.apache.maven.surefire.junit4.JUnit4Provider.execute(JUnit4Provider.java:365)
	at org.apache.maven.surefire.junit4.JUnit4Provider.executeWithRerun(JUnit4Provider.java:273)
	at org.apache.maven.surefire.junit4.JUnit4Provider.executeTestSet(JUnit4Provider.java:238)
	at org.apache.maven.surefire.junit4.JUnit4Provider.invoke(JUnit4Provider.java:159)
	at org.apache.maven.surefire.booter.ForkedBooter.invokeProviderInSameClassLoader(ForkedBooter.java:383)
	at org.apache.maven.surefire.booter.ForkedBooter.runSuitesInProcess(ForkedBooter.java:344)
	at org.apache.maven.surefire.booter.ForkedBooter.execute(ForkedBooter.java:125)
	at org.apache.maven.surefire.booter.ForkedBooter.main(ForkedBooter.java:417)
</pre>
      </div>
    </div>
  </div>


        
        

        

        

      </div>
          <div class="step">
        
<div class="brief skipped">
  <span class="keyword indention">And</span>
  <span class="name">User sending some chat</span>
  
  <span class="lead-duration duration">000ms</span>

  </div>

        


        
        

        

        

      </div>
          <div class="step">
        
<div class="brief skipped">
  <span class="keyword indention">And</span>
  <span class="name">User should be can see their chat section</span>
  
  <span class="lead-duration duration">000ms</span>

  </div>

        


        
        

        

        

      </div>
          <div class="step">
        
<div class="brief skipped">
  <span class="keyword indention">When</span>
  <span class="name">User delete their chat</span>
  
  <span class="lead-duration duration">000ms</span>

  </div>

        


        
        

        

        

      </div>
          <div class="step">
        
<div class="brief skipped">
  <span class="keyword indention">Then</span>
  <span class="name">User success delete their message</span>
  
  <span class="lead-duration duration">000ms</span>

  </div>

        


        
        

        

        

      </div>
      </div>
</div>


    
  <div class="inner-level hooks-after">
        <div data-toggle="collapse" class=" collapsed  collapsable-control" data-target="#after-38">
      
<div class="brief passed">
  <span class="keyword indention">Hooks</span>
  <span class="name"></span>
  

       <i class="chevron fa fa-fw"></i>
  </div>

    </div>

    <div id="after-38" class="inner-level collapse collapsable-details ">
              <div class="hook">
          <div class="brief passed">
            <span class="keyword indention">After</span>
                          <span class="location name">stepDef.BaseTest.tearDownBrowser()</span>
                        
  <span class="lead-duration duration">2s 988ms</span>

          </div>

                      

          
          

        </div>
          </div>
  </div>

  </div>
</div>

                      
<div class="element">
  
  
<div class="tags indention">
  </div>


    <span data-toggle="collapse" class=" collapsed  collapsable-control" data-target="#element-39">
    
<div class="brief passed">
  <span class="keyword indention">Background</span>
  <span class="name">User who has joined a company login with their credentials</span>
  

       <i class="chevron fa fa-fw"></i>
  </div>

  </span>
  <div class="description indention"></div>

  <div id="element-39" class="collapse collapsable-details ">
    


    
<div class="steps inner-level">
    <div data-toggle="collapse" class=" collapsed  collapsable-control" data-target="#steps-40">
    
<div class="brief failed">
  <span class="keyword indention">Steps</span>
  <span class="name"></span>
  

       <i class="chevron fa fa-fw"></i>
  </div>

  </div>

  <div id="steps-40" class="inner-level collapse collapsable-details ">
          <div class="step">
        
<div class="brief skipped">
  <span class="keyword indention">Given</span>
  <span class="name">User logs in with their credentials</span>
  
  <span class="lead-duration duration">000ms</span>

  </div>

        


        
        

        

        

      </div>
          <div class="step">
        
<div class="brief skipped">
  <span class="keyword indention">When</span>
  <span class="name">User select existing company that already joined</span>
  
  <span class="lead-duration duration">000ms</span>

  </div>

        


        
        

        

        

      </div>
          <div class="step">
        
<div class="brief skipped">
  <span class="keyword indention">Then</span>
  <span class="name">Verify user on the Home page of the company</span>
  
  <span class="lead-duration duration">000ms</span>

  </div>

        


        
        

        

        

      </div>
      </div>
</div>


    

  </div>
</div>

                      
<div class="element">
  
  
<div class="tags indention">
       <a href="Regression.html">@Regression</a>
       <a href="Group_Chat.html">@Group_Chat</a>
       <a href="Positive.html">@Positive</a>
       <a href="GC_07.html">@GC_07</a>
  </div>


    <span data-toggle="collapse" class=" collapsable-control" data-target="#element-41">
    
<div class="brief failed">
  <span class="keyword indention">Scenario</span>
  <span class="name">Verify user can attach some picture file when user choose attach file icon</span>
  

       <i class="chevron fa fa-fw"></i>
  </div>

  </span>
  <div class="description indention"></div>

  <div id="element-41" class="collapse collapsable-details  in ">
    
  <div class="inner-level hooks-before">
        <div data-toggle="collapse" class=" collapsable-control" data-target="#before-42">
      
<div class="brief failed">
  <span class="keyword indention">Hooks</span>
  <span class="name"></span>
  

       <i class="chevron fa fa-fw"></i>
  </div>

    </div>

    <div id="before-42" class="inner-level collapse collapsable-details  in ">
              <div class="hook">
          <div class="brief failed">
            <span class="keyword indention">Before</span>
                          <span class="location name">stepDef.BaseTest.setUp()</span>
                        
  <span class="lead-duration duration">45s 852ms</span>

          </div>

                      

  <div class="inner-level">
    <div class="message indention">
      <div data-toggle="collapse" class="collapsable-control" data-target="#msg-43">
          <a>Error message</a>
      </div>
      <div id="msg-43" class="collapse collapsable-details">
        <pre>org.openqa.selenium.WebDriverException: unknown error: net::ERR_CONNECTION_TIMED_OUT
  (Session info: chrome=105.0.5195.127)
Build info: version: '4.4.0', revision: 'e5c75ed026a'
System info: host: 'DESKTOP-2394L3V', ip: '192.168.100.8', os.name: 'Windows 10', os.arch: 'amd64', os.version: '10.0', java.version: '1.8.0_333'
Driver info: org.openqa.selenium.chrome.ChromeDriver
Command: [363c096800b6f897946045cc61ef1f92, get {url=https://staging.cicle.app}]
Capabilities {acceptInsecureCerts: false, browserName: chrome, browserVersion: 105.0.5195.127, chrome: {chromedriverVersion: 105.0.5195.52 (412c95e51883..., userDataDir: C:\Users\imadu\AppData\Loca...}, goog:chromeOptions: {debuggerAddress: localhost:50014}, networkConnectionEnabled: false, pageLoadStrategy: normal, platformName: WINDOWS, proxy: Proxy(), se:cdp: ws://localhost:50014/devtoo..., se:cdpVersion: 105.0.5195.127, setWindowRect: true, strictFileInteractability: false, timeouts: {implicit: 0, pageLoad: 300000, script: 30000}, unhandledPromptBehavior: dismiss and notify, webauthn:extension:credBlob: true, webauthn:extension:largeBlob: true, webauthn:virtualAuthenticators: true}
Session ID: 363c096800b6f897946045cc61ef1f92
	at sun.reflect.NativeConstructorAccessorImpl.newInstance0(Native Method)
	at sun.reflect.NativeConstructorAccessorImpl.newInstance(NativeConstructorAccessorImpl.java:62)
	at sun.reflect.DelegatingConstructorAccessorImpl.newInstance(DelegatingConstructorAccessorImpl.java:45)
	at java.lang.reflect.Constructor.newInstance(Constructor.java:423)
	at org.openqa.selenium.remote.codec.w3c.W3CHttpResponseCodec.createException(W3CHttpResponseCodec.java:200)
	at org.openqa.selenium.remote.codec.w3c.W3CHttpResponseCodec.decode(W3CHttpResponseCodec.java:133)
	at org.openqa.selenium.remote.codec.w3c.W3CHttpResponseCodec.decode(W3CHttpResponseCodec.java:53)
	at org.openqa.selenium.remote.HttpCommandExecutor.execute(HttpCommandExecutor.java:184)
	at org.openqa.selenium.remote.service.DriverCommandExecutor.invokeExecute(DriverCommandExecutor.java:167)
	at org.openqa.selenium.remote.service.DriverCommandExecutor.execute(DriverCommandExecutor.java:142)
	at org.openqa.selenium.remote.RemoteWebDriver.execute(RemoteWebDriver.java:547)
	at org.openqa.selenium.remote.RemoteWebDriver.get(RemoteWebDriver.java:310)
	at utils.DriverUtils.initDriver(DriverUtils.java:16)
	at utils.DriverUtils.getDriver(DriverUtils.java:22)
	at stepDef.BaseTest.setUp(BaseTest.java:13)
</pre>
      </div>
    </div>
  </div>

          
          

        </div>
          </div>
  </div>


    
<div class="steps inner-level">
    <div data-toggle="collapse" class=" collapsable-control" data-target="#steps-44">
    
<div class="brief failed">
  <span class="keyword indention">Steps</span>
  <span class="name"></span>
  

       <i class="chevron fa fa-fw"></i>
  </div>

  </div>

  <div id="steps-44" class="inner-level collapse collapsable-details  in ">
          <div class="step">
        
<div class="brief skipped">
  <span class="keyword indention">Given</span>
  <span class="name">User navigates to Group Chat page</span>
  
  <span class="lead-duration duration">000ms</span>

  </div>

        


        
        

        

        

      </div>
          <div class="step">
        
<div class="brief skipped">
  <span class="keyword indention">When</span>
  <span class="name">User sending attach some picture</span>
  
  <span class="lead-duration duration">000ms</span>

  </div>

        


        
        

        

        

      </div>
          <div class="step">
        
<div class="brief skipped">
  <span class="keyword indention">Then</span>
  <span class="name">User can access their upload file</span>
  
  <span class="lead-duration duration">000ms</span>

  </div>

        


        
        

        

        

      </div>
      </div>
</div>


    
  <div class="inner-level hooks-after">
        <div data-toggle="collapse" class=" collapsed  collapsable-control" data-target="#after-45">
      
<div class="brief passed">
  <span class="keyword indention">Hooks</span>
  <span class="name"></span>
  

       <i class="chevron fa fa-fw"></i>
  </div>

    </div>

    <div id="after-45" class="inner-level collapse collapsable-details ">
              <div class="hook">
          <div class="brief passed">
            <span class="keyword indention">After</span>
                          <span class="location name">stepDef.BaseTest.tearDownBrowser()</span>
                        
  <span class="lead-duration duration">731ms</span>

          </div>

                      

          
          

        </div>
          </div>
  </div>

  </div>
</div>

                      
<div class="element">
  
  
<div class="tags indention">
  </div>


    <span data-toggle="collapse" class=" collapsable-control" data-target="#element-46">
    
<div class="brief failed">
  <span class="keyword indention">Background</span>
  <span class="name">User who has joined a company login with their credentials</span>
  

       <i class="chevron fa fa-fw"></i>
  </div>

  </span>
  <div class="description indention"></div>

  <div id="element-46" class="collapse collapsable-details  in ">
    


    
<div class="steps inner-level">
    <div data-toggle="collapse" class=" collapsable-control" data-target="#steps-47">
    
<div class="brief failed">
  <span class="keyword indention">Steps</span>
  <span class="name"></span>
  

       <i class="chevron fa fa-fw"></i>
  </div>

  </div>

  <div id="steps-47" class="inner-level collapse collapsable-details  in ">
          <div class="step">
        
<div class="brief failed">
  <span class="keyword indention">Given</span>
  <span class="name">User logs in with their credentials</span>
  
  <span class="lead-duration duration">10s 423ms</span>

  </div>

        

  <div class="inner-level">
    <div class="message indention">
      <div data-toggle="collapse" class="collapsable-control" data-target="#msg-48">
          <a>Error message</a>
      </div>
      <div id="msg-48" class="collapse collapsable-details">
        <pre>org.openqa.selenium.TimeoutException: Expected condition failed: waiting for visibility of Proxy element for: DefaultElementLocator 'By.xpath: //div[@class='LoginButton_LoginButton__3qKtx']' (tried for 10 second(s) with 500 milliseconds interval)
	at org.openqa.selenium.support.ui.WebDriverWait.timeoutException(WebDriverWait.java:87)
	at org.openqa.selenium.support.ui.FluentWait.until(FluentWait.java:231)
	at utils.WebElementUtils.waitForVisibleElement(WebElementUtils.java:18)
	at pages.LoginPageCilsy.signInPageDisplayed(LoginPageCilsy.java:35)
	at stepDef.LoginStepDef.userLogsInWithTheirCredentials(LoginStepDef.java:16)
	at ✽.User logs in with their credentials(file:///F:/QA%20Cilsy/Big%20Project/BigProjectCilsy/src/test/resources/features/groupChat.feature:7)
Caused by: org.openqa.selenium.NoSuchElementException: no such element: Unable to locate element: {"method":"xpath","selector":"//div[@class='LoginButton_LoginButton__3qKtx']"}
  (Session info: chrome=105.0.5195.127)
For documentation on this error, please visit: https://selenium.dev/exceptions/#no_such_element
Build info: version: '4.4.0', revision: 'e5c75ed026a'
System info: host: 'DESKTOP-2394L3V', ip: '192.168.100.8', os.name: 'Windows 10', os.arch: 'amd64', os.version: '10.0', java.version: '1.8.0_333'
Driver info: org.openqa.selenium.chrome.ChromeDriver
Command: [a4284d399b2e25d847a4afbc0e5ef4fa, findElement {using=xpath, value=//div[@class='LoginButton_LoginButton__3qKtx']}]
Capabilities {acceptInsecureCerts: false, browserName: chrome, browserVersion: 105.0.5195.127, chrome: {chromedriverVersion: 105.0.5195.52 (412c95e51883..., userDataDir: C:\Users\imadu\AppData\Loca...}, goog:chromeOptions: {debuggerAddress: localhost:50072}, networkConnectionEnabled: false, pageLoadStrategy: normal, platformName: WINDOWS, proxy: Proxy(), se:cdp: ws://localhost:50072/devtoo..., se:cdpVersion: 105.0.5195.127, setWindowRect: true, strictFileInteractability: false, timeouts: {implicit: 0, pageLoad: 300000, script: 30000}, unhandledPromptBehavior: dismiss and notify, webauthn:extension:credBlob: true, webauthn:extension:largeBlob: true, webauthn:virtualAuthenticators: true}
Session ID: a4284d399b2e25d847a4afbc0e5ef4fa
	at sun.reflect.GeneratedConstructorAccessor16.newInstance(Unknown Source)
	at sun.reflect.DelegatingConstructorAccessorImpl.newInstance(DelegatingConstructorAccessorImpl.java:45)
	at java.lang.reflect.Constructor.newInstance(Constructor.java:423)
	at org.openqa.selenium.remote.codec.w3c.W3CHttpResponseCodec.createException(W3CHttpResponseCodec.java:200)
	at org.openqa.selenium.remote.codec.w3c.W3CHttpResponseCodec.decode(W3CHttpResponseCodec.java:133)
	at org.openqa.selenium.remote.codec.w3c.W3CHttpResponseCodec.decode(W3CHttpResponseCodec.java:53)
	at org.openqa.selenium.remote.HttpCommandExecutor.execute(HttpCommandExecutor.java:184)
	at org.openqa.selenium.remote.service.DriverCommandExecutor.invokeExecute(DriverCommandExecutor.java:167)
	at org.openqa.selenium.remote.service.DriverCommandExecutor.execute(DriverCommandExecutor.java:142)
	at org.openqa.selenium.remote.RemoteWebDriver.execute(RemoteWebDriver.java:547)
	at org.openqa.selenium.remote.ElementLocation$ElementFinder$2.findElement(ElementLocation.java:162)
	at org.openqa.selenium.remote.ElementLocation.findElement(ElementLocation.java:60)
	at org.openqa.selenium.remote.RemoteWebDriver.findElement(RemoteWebDriver.java:365)
	at org.openqa.selenium.remote.RemoteWebDriver.findElement(RemoteWebDriver.java:357)
	at org.openqa.selenium.support.pagefactory.DefaultElementLocator.findElement(DefaultElementLocator.java:70)
	at org.openqa.selenium.support.pagefactory.internal.LocatingElementHandler.invoke(LocatingElementHandler.java:39)
	at com.sun.proxy.$Proxy23.isDisplayed(Unknown Source)
	at org.openqa.selenium.support.ui.ExpectedConditions.elementIfVisible(ExpectedConditions.java:307)
	at org.openqa.selenium.support.ui.ExpectedConditions.access$000(ExpectedConditions.java:40)
	at org.openqa.selenium.support.ui.ExpectedConditions$10.apply(ExpectedConditions.java:293)
	at org.openqa.selenium.support.ui.ExpectedConditions$10.apply(ExpectedConditions.java:290)
	at org.openqa.selenium.support.ui.FluentWait.until(FluentWait.java:208)
	at utils.WebElementUtils.waitForVisibleElement(WebElementUtils.java:18)
	at pages.LoginPageCilsy.signInPageDisplayed(LoginPageCilsy.java:35)
	at stepDef.LoginStepDef.userLogsInWithTheirCredentials(LoginStepDef.java:16)
	at sun.reflect.GeneratedMethodAccessor105.invoke(Unknown Source)
	at sun.reflect.DelegatingMethodAccessorImpl.invoke(DelegatingMethodAccessorImpl.java:43)
	at java.lang.reflect.Method.invoke(Method.java:498)
	at io.cucumber.java.Invoker.doInvoke(Invoker.java:66)
	at io.cucumber.java.Invoker.invoke(Invoker.java:24)
	at io.cucumber.java.AbstractGlueDefinition.invokeMethod(AbstractGlueDefinition.java:47)
	at io.cucumber.java.JavaStepDefinition.execute(JavaStepDefinition.java:29)
	at io.cucumber.core.runner.CoreStepDefinition.execute(CoreStepDefinition.java:66)
	at io.cucumber.core.runner.PickleStepDefinitionMatch.runStep(PickleStepDefinitionMatch.java:63)
	at io.cucumber.core.runner.ExecutionMode$1.execute(ExecutionMode.java:10)
	at io.cucumber.core.runner.TestStep.executeStep(TestStep.java:85)
	at io.cucumber.core.runner.TestStep.run(TestStep.java:57)
	at io.cucumber.core.runner.PickleStepTestStep.run(PickleStepTestStep.java:51)
	at io.cucumber.core.runner.TestCase.run(TestCase.java:84)
	at io.cucumber.core.runner.Runner.runPickle(Runner.java:75)
	at io.cucumber.junit.PickleRunners$NoStepDescriptions.lambda$run$0(PickleRunners.java:151)
	at io.cucumber.core.runtime.CucumberExecutionContext.lambda$runTestCase$5(CucumberExecutionContext.java:129)
	at io.cucumber.core.runtime.RethrowingThrowableCollector.executeAndThrow(RethrowingThrowableCollector.java:23)
	at io.cucumber.core.runtime.CucumberExecutionContext.runTestCase(CucumberExecutionContext.java:129)
	at io.cucumber.junit.PickleRunners$NoStepDescriptions.run(PickleRunners.java:148)
	at io.cucumber.junit.FeatureRunner.runChild(FeatureRunner.java:144)
	at io.cucumber.junit.FeatureRunner.runChild(FeatureRunner.java:28)
	at org.junit.runners.ParentRunner$4.run(ParentRunner.java:331)
	at org.junit.runners.ParentRunner$1.schedule(ParentRunner.java:79)
	at org.junit.runners.ParentRunner.runChildren(ParentRunner.java:329)
	at org.junit.runners.ParentRunner.access$100(ParentRunner.java:66)
	at org.junit.runners.ParentRunner$2.evaluate(ParentRunner.java:293)
	at org.junit.runners.ParentRunner$3.evaluate(ParentRunner.java:306)
	at org.junit.runners.ParentRunner.run(ParentRunner.java:413)
	at io.cucumber.junit.FeatureRunner.run(FeatureRunner.java:137)
	at io.cucumber.junit.Cucumber.runChild(Cucumber.java:196)
	at io.cucumber.junit.Cucumber.runChild(Cucumber.java:89)
	at org.junit.runners.ParentRunner$4.run(ParentRunner.java:331)
	at org.junit.runners.ParentRunner$1.schedule(ParentRunner.java:79)
	at org.junit.runners.ParentRunner.runChildren(ParentRunner.java:329)
	at org.junit.runners.ParentRunner.access$100(ParentRunner.java:66)
	at org.junit.runners.ParentRunner$2.evaluate(ParentRunner.java:293)
	at io.cucumber.junit.Cucumber$RunBeforeAllHooks.evaluate(Cucumber.java:266)
	at io.cucumber.junit.Cucumber$RunAfterAllHooks.evaluate(Cucumber.java:281)
	at io.cucumber.junit.Cucumber$StartTestRun.evaluate(Cucumber.java:233)
	at io.cucumber.junit.Cucumber$FinishTestRun.evaluate(Cucumber.java:248)
	at org.junit.runners.ParentRunner$3.evaluate(ParentRunner.java:306)
	at org.junit.runners.ParentRunner.run(ParentRunner.java:413)
	at org.apache.maven.surefire.junit4.JUnit4Provider.execute(JUnit4Provider.java:365)
	at org.apache.maven.surefire.junit4.JUnit4Provider.executeWithRerun(JUnit4Provider.java:273)
	at org.apache.maven.surefire.junit4.JUnit4Provider.executeTestSet(JUnit4Provider.java:238)
	at org.apache.maven.surefire.junit4.JUnit4Provider.invoke(JUnit4Provider.java:159)
	at org.apache.maven.surefire.booter.ForkedBooter.invokeProviderInSameClassLoader(ForkedBooter.java:383)
	at org.apache.maven.surefire.booter.ForkedBooter.runSuitesInProcess(ForkedBooter.java:344)
	at org.apache.maven.surefire.booter.ForkedBooter.execute(ForkedBooter.java:125)
	at org.apache.maven.surefire.booter.ForkedBooter.main(ForkedBooter.java:417)
</pre>
      </div>
    </div>
  </div>


        
        

        

        

      </div>
          <div class="step">
        
<div class="brief skipped">
  <span class="keyword indention">When</span>
  <span class="name">User select existing company that already joined</span>
  
  <span class="lead-duration duration">000ms</span>

  </div>

        


        
        

        

        

      </div>
          <div class="step">
        
<div class="brief skipped">
  <span class="keyword indention">Then</span>
  <span class="name">Verify user on the Home page of the company</span>
  
  <span class="lead-duration duration">000ms</span>

  </div>

        


        
        

        

        

      </div>
      </div>
</div>


    

  </div>
</div>

                      
<div class="element">
  
  
<div class="tags indention">
       <a href="Regression.html">@Regression</a>
       <a href="Group_Chat.html">@Group_Chat</a>
       <a href="Positive.html">@Positive</a>
       <a href="GC_08.html">@GC_08</a>
  </div>


    <span data-toggle="collapse" class=" collapsed  collapsable-control" data-target="#element-49">
    
<div class="brief passed">
  <span class="keyword indention">Scenario</span>
  <span class="name">Verify user can attach some document file when user choose attach file icon</span>
  

       <i class="chevron fa fa-fw"></i>
  </div>

  </span>
  <div class="description indention"></div>

  <div id="element-49" class="collapse collapsable-details ">
    
  <div class="inner-level hooks-before">
        <div data-toggle="collapse" class=" collapsed  collapsable-control" data-target="#before-50">
      
<div class="brief passed">
  <span class="keyword indention">Hooks</span>
  <span class="name"></span>
  

       <i class="chevron fa fa-fw"></i>
  </div>

    </div>

    <div id="before-50" class="inner-level collapse collapsable-details ">
              <div class="hook">
          <div class="brief passed">
            <span class="keyword indention">Before</span>
                          <span class="location name">stepDef.BaseTest.setUp()</span>
                        
  <span class="lead-duration duration">14s 555ms</span>

          </div>

                      

          
          

        </div>
          </div>
  </div>


    
<div class="steps inner-level">
    <div data-toggle="collapse" class=" collapsed  collapsable-control" data-target="#steps-51">
    
<div class="brief failed">
  <span class="keyword indention">Steps</span>
  <span class="name"></span>
  

       <i class="chevron fa fa-fw"></i>
  </div>

  </div>

  <div id="steps-51" class="inner-level collapse collapsable-details ">
          <div class="step">
        
<div class="brief skipped">
  <span class="keyword indention">Given</span>
  <span class="name">User navigates to Group Chat page</span>
  
  <span class="lead-duration duration">000ms</span>

  </div>

        


        
        

        

        

      </div>
          <div class="step">
        
<div class="brief skipped">
  <span class="keyword indention">When</span>
  <span class="name">User sending attach some file document</span>
  
  <span class="lead-duration duration">000ms</span>

  </div>

        


        
        

        

        

      </div>
          <div class="step">
        
<div class="brief skipped">
  <span class="keyword indention">Then</span>
  <span class="name">User can access their upload file</span>
  
  <span class="lead-duration duration">000ms</span>

  </div>

        


        
        

        

        

      </div>
      </div>
</div>


    
  <div class="inner-level hooks-after">
        <div data-toggle="collapse" class=" collapsed  collapsable-control" data-target="#after-52">
      
<div class="brief passed">
  <span class="keyword indention">Hooks</span>
  <span class="name"></span>
  

       <i class="chevron fa fa-fw"></i>
  </div>

    </div>

    <div id="after-52" class="inner-level collapse collapsable-details ">
              <div class="hook">
          <div class="brief passed">
            <span class="keyword indention">After</span>
                          <span class="location name">stepDef.BaseTest.tearDownBrowser()</span>
                        
  <span class="lead-duration duration">721ms</span>

          </div>

                      

          
          

        </div>
          </div>
  </div>

  </div>
</div>

                      
<div class="element">
  
  
<div class="tags indention">
  </div>


    <span data-toggle="collapse" class=" collapsed  collapsable-control" data-target="#element-53">
    
<div class="brief passed">
  <span class="keyword indention">Background</span>
  <span class="name">User who has joined a company login with their credentials</span>
  

       <i class="chevron fa fa-fw"></i>
  </div>

  </span>
  <div class="description indention"></div>

  <div id="element-53" class="collapse collapsable-details ">
    


    
<div class="steps inner-level">
    <div data-toggle="collapse" class=" collapsed  collapsable-control" data-target="#steps-54">
    
<div class="brief failed">
  <span class="keyword indention">Steps</span>
  <span class="name"></span>
  

       <i class="chevron fa fa-fw"></i>
  </div>

  </div>

  <div id="steps-54" class="inner-level collapse collapsable-details ">
          <div class="step">
        
<div class="brief skipped">
  <span class="keyword indention">Given</span>
  <span class="name">User logs in with their credentials</span>
  
  <span class="lead-duration duration">001ms</span>

  </div>

        


        
        

        

        

      </div>
          <div class="step">
        
<div class="brief skipped">
  <span class="keyword indention">When</span>
  <span class="name">User select existing company that already joined</span>
  
  <span class="lead-duration duration">000ms</span>

  </div>

        


        
        

        

        

      </div>
          <div class="step">
        
<div class="brief skipped">
  <span class="keyword indention">Then</span>
  <span class="name">Verify user on the Home page of the company</span>
  
  <span class="lead-duration duration">000ms</span>

  </div>

        


        
        

        

        

      </div>
      </div>
</div>


    

  </div>
</div>

                      
<div class="element">
  
  
<div class="tags indention">
       <a href="Regression.html">@Regression</a>
       <a href="Group_Chat.html">@Group_Chat</a>
       <a href="Positive.html">@Positive</a>
       <a href="GC_09.html">@GC_09</a>
  </div>


    <span data-toggle="collapse" class=" collapsable-control" data-target="#element-55">
    
<div class="brief failed">
  <span class="keyword indention">Scenario</span>
  <span class="name">Verify user navigate to Teams page when user click Teams name breadcrumb on the Group chat page</span>
  

       <i class="chevron fa fa-fw"></i>
  </div>

  </span>
  <div class="description indention"></div>

  <div id="element-55" class="collapse collapsable-details  in ">
    
  <div class="inner-level hooks-before">
        <div data-toggle="collapse" class=" collapsable-control" data-target="#before-56">
      
<div class="brief failed">
  <span class="keyword indention">Hooks</span>
  <span class="name"></span>
  

       <i class="chevron fa fa-fw"></i>
  </div>

    </div>

    <div id="before-56" class="inner-level collapse collapsable-details  in ">
              <div class="hook">
          <div class="brief failed">
            <span class="keyword indention">Before</span>
                          <span class="location name">stepDef.BaseTest.setUp()</span>
                        
  <span class="lead-duration duration">45s 621ms</span>

          </div>

                      

  <div class="inner-level">
    <div class="message indention">
      <div data-toggle="collapse" class="collapsable-control" data-target="#msg-57">
          <a>Error message</a>
      </div>
      <div id="msg-57" class="collapse collapsable-details">
        <pre>org.openqa.selenium.WebDriverException: unknown error: net::ERR_CONNECTION_TIMED_OUT
  (Session info: chrome=105.0.5195.127)
Build info: version: '4.4.0', revision: 'e5c75ed026a'
System info: host: 'DESKTOP-2394L3V', ip: '192.168.100.8', os.name: 'Windows 10', os.arch: 'amd64', os.version: '10.0', java.version: '1.8.0_333'
Driver info: org.openqa.selenium.chrome.ChromeDriver
Command: [52722eee9cb144b6f04b024b5968a31e, get {url=https://staging.cicle.app}]
Capabilities {acceptInsecureCerts: false, browserName: chrome, browserVersion: 105.0.5195.127, chrome: {chromedriverVersion: 105.0.5195.52 (412c95e51883..., userDataDir: C:\Users\imadu\AppData\Loca...}, goog:chromeOptions: {debuggerAddress: localhost:50175}, networkConnectionEnabled: false, pageLoadStrategy: normal, platformName: WINDOWS, proxy: Proxy(), se:cdp: ws://localhost:50175/devtoo..., se:cdpVersion: 105.0.5195.127, setWindowRect: true, strictFileInteractability: false, timeouts: {implicit: 0, pageLoad: 300000, script: 30000}, unhandledPromptBehavior: dismiss and notify, webauthn:extension:credBlob: true, webauthn:extension:largeBlob: true, webauthn:virtualAuthenticators: true}
Session ID: 52722eee9cb144b6f04b024b5968a31e
	at sun.reflect.NativeConstructorAccessorImpl.newInstance0(Native Method)
	at sun.reflect.NativeConstructorAccessorImpl.newInstance(NativeConstructorAccessorImpl.java:62)
	at sun.reflect.DelegatingConstructorAccessorImpl.newInstance(DelegatingConstructorAccessorImpl.java:45)
	at java.lang.reflect.Constructor.newInstance(Constructor.java:423)
	at org.openqa.selenium.remote.codec.w3c.W3CHttpResponseCodec.createException(W3CHttpResponseCodec.java:200)
	at org.openqa.selenium.remote.codec.w3c.W3CHttpResponseCodec.decode(W3CHttpResponseCodec.java:133)
	at org.openqa.selenium.remote.codec.w3c.W3CHttpResponseCodec.decode(W3CHttpResponseCodec.java:53)
	at org.openqa.selenium.remote.HttpCommandExecutor.execute(HttpCommandExecutor.java:184)
	at org.openqa.selenium.remote.service.DriverCommandExecutor.invokeExecute(DriverCommandExecutor.java:167)
	at org.openqa.selenium.remote.service.DriverCommandExecutor.execute(DriverCommandExecutor.java:142)
	at org.openqa.selenium.remote.RemoteWebDriver.execute(RemoteWebDriver.java:547)
	at org.openqa.selenium.remote.RemoteWebDriver.get(RemoteWebDriver.java:310)
	at utils.DriverUtils.initDriver(DriverUtils.java:16)
	at utils.DriverUtils.getDriver(DriverUtils.java:22)
	at stepDef.BaseTest.setUp(BaseTest.java:13)
</pre>
      </div>
    </div>
  </div>

          
          

        </div>
          </div>
  </div>


    
<div class="steps inner-level">
    <div data-toggle="collapse" class=" collapsable-control" data-target="#steps-58">
    
<div class="brief failed">
  <span class="keyword indention">Steps</span>
  <span class="name"></span>
  

       <i class="chevron fa fa-fw"></i>
  </div>

  </div>

  <div id="steps-58" class="inner-level collapse collapsable-details  in ">
          <div class="step">
        
<div class="brief skipped">
  <span class="keyword indention">Given</span>
  <span class="name">User navigates to Group Chat page</span>
  
  <span class="lead-duration duration">000ms</span>

  </div>

        


        
        

        

        

      </div>
          <div class="step">
        
<div class="brief skipped">
  <span class="keyword indention">When</span>
  <span class="name">User select team name</span>
  
  <span class="lead-duration duration">000ms</span>

  </div>

        


        
        

        

        

      </div>
          <div class="step">
        
<div class="brief skipped">
  <span class="keyword indention">Then</span>
  <span class="name">User on the Team page</span>
  
  <span class="lead-duration duration">000ms</span>

  </div>

        


        
        

        

        

      </div>
      </div>
</div>


    
  <div class="inner-level hooks-after">
        <div data-toggle="collapse" class=" collapsed  collapsable-control" data-target="#after-59">
      
<div class="brief passed">
  <span class="keyword indention">Hooks</span>
  <span class="name"></span>
  

       <i class="chevron fa fa-fw"></i>
  </div>

    </div>

    <div id="after-59" class="inner-level collapse collapsable-details ">
              <div class="hook">
          <div class="brief passed">
            <span class="keyword indention">After</span>
                          <span class="location name">stepDef.BaseTest.tearDownBrowser()</span>
                        
  <span class="lead-duration duration">686ms</span>

          </div>

                      

          
          

        </div>
          </div>
  </div>

  </div>
</div>

                      
<div class="element">
  
  
<div class="tags indention">
  </div>


    <span data-toggle="collapse" class=" collapsable-control" data-target="#element-60">
    
<div class="brief failed">
  <span class="keyword indention">Background</span>
  <span class="name">User who has joined a company login with their credentials</span>
  

       <i class="chevron fa fa-fw"></i>
  </div>

  </span>
  <div class="description indention"></div>

  <div id="element-60" class="collapse collapsable-details  in ">
    


    
<div class="steps inner-level">
    <div data-toggle="collapse" class=" collapsable-control" data-target="#steps-61">
    
<div class="brief failed">
  <span class="keyword indention">Steps</span>
  <span class="name"></span>
  

       <i class="chevron fa fa-fw"></i>
  </div>

  </div>

  <div id="steps-61" class="inner-level collapse collapsable-details  in ">
          <div class="step">
        
<div class="brief failed">
  <span class="keyword indention">Given</span>
  <span class="name">User logs in with their credentials</span>
  
  <span class="lead-duration duration">10s 308ms</span>

  </div>

        

  <div class="inner-level">
    <div class="message indention">
      <div data-toggle="collapse" class="collapsable-control" data-target="#msg-62">
          <a>Error message</a>
      </div>
      <div id="msg-62" class="collapse collapsable-details">
        <pre>org.openqa.selenium.TimeoutException: Expected condition failed: waiting for visibility of Proxy element for: DefaultElementLocator 'By.xpath: //div[@class='LoginButton_LoginButton__3qKtx']' (tried for 10 second(s) with 500 milliseconds interval)
	at org.openqa.selenium.support.ui.WebDriverWait.timeoutException(WebDriverWait.java:87)
	at org.openqa.selenium.support.ui.FluentWait.until(FluentWait.java:231)
	at utils.WebElementUtils.waitForVisibleElement(WebElementUtils.java:18)
	at pages.LoginPageCilsy.signInPageDisplayed(LoginPageCilsy.java:35)
	at stepDef.LoginStepDef.userLogsInWithTheirCredentials(LoginStepDef.java:16)
	at ✽.User logs in with their credentials(file:///F:/QA%20Cilsy/Big%20Project/BigProjectCilsy/src/test/resources/features/groupChat.feature:7)
Caused by: org.openqa.selenium.NoSuchElementException: no such element: Unable to locate element: {"method":"xpath","selector":"//div[@class='LoginButton_LoginButton__3qKtx']"}
  (Session info: chrome=105.0.5195.127)
For documentation on this error, please visit: https://selenium.dev/exceptions/#no_such_element
Build info: version: '4.4.0', revision: 'e5c75ed026a'
System info: host: 'DESKTOP-2394L3V', ip: '192.168.100.8', os.name: 'Windows 10', os.arch: 'amd64', os.version: '10.0', java.version: '1.8.0_333'
Driver info: org.openqa.selenium.chrome.ChromeDriver
Command: [34e52974d04d893e0d959764f3fef53d, findElement {using=xpath, value=//div[@class='LoginButton_LoginButton__3qKtx']}]
Capabilities {acceptInsecureCerts: false, browserName: chrome, browserVersion: 105.0.5195.127, chrome: {chromedriverVersion: 105.0.5195.52 (412c95e51883..., userDataDir: C:\Users\imadu\AppData\Loca...}, goog:chromeOptions: {debuggerAddress: localhost:54771}, networkConnectionEnabled: false, pageLoadStrategy: normal, platformName: WINDOWS, proxy: Proxy(), se:cdp: ws://localhost:54771/devtoo..., se:cdpVersion: 105.0.5195.127, setWindowRect: true, strictFileInteractability: false, timeouts: {implicit: 0, pageLoad: 300000, script: 30000}, unhandledPromptBehavior: dismiss and notify, webauthn:extension:credBlob: true, webauthn:extension:largeBlob: true, webauthn:virtualAuthenticators: true}
Session ID: 34e52974d04d893e0d959764f3fef53d
	at sun.reflect.GeneratedConstructorAccessor16.newInstance(Unknown Source)
	at sun.reflect.DelegatingConstructorAccessorImpl.newInstance(DelegatingConstructorAccessorImpl.java:45)
	at java.lang.reflect.Constructor.newInstance(Constructor.java:423)
	at org.openqa.selenium.remote.codec.w3c.W3CHttpResponseCodec.createException(W3CHttpResponseCodec.java:200)
	at org.openqa.selenium.remote.codec.w3c.W3CHttpResponseCodec.decode(W3CHttpResponseCodec.java:133)
	at org.openqa.selenium.remote.codec.w3c.W3CHttpResponseCodec.decode(W3CHttpResponseCodec.java:53)
	at org.openqa.selenium.remote.HttpCommandExecutor.execute(HttpCommandExecutor.java:184)
	at org.openqa.selenium.remote.service.DriverCommandExecutor.invokeExecute(DriverCommandExecutor.java:167)
	at org.openqa.selenium.remote.service.DriverCommandExecutor.execute(DriverCommandExecutor.java:142)
	at org.openqa.selenium.remote.RemoteWebDriver.execute(RemoteWebDriver.java:547)
	at org.openqa.selenium.remote.ElementLocation$ElementFinder$2.findElement(ElementLocation.java:162)
	at org.openqa.selenium.remote.ElementLocation.findElement(ElementLocation.java:60)
	at org.openqa.selenium.remote.RemoteWebDriver.findElement(RemoteWebDriver.java:365)
	at org.openqa.selenium.remote.RemoteWebDriver.findElement(RemoteWebDriver.java:357)
	at org.openqa.selenium.support.pagefactory.DefaultElementLocator.findElement(DefaultElementLocator.java:70)
	at org.openqa.selenium.support.pagefactory.internal.LocatingElementHandler.invoke(LocatingElementHandler.java:39)
	at com.sun.proxy.$Proxy23.isDisplayed(Unknown Source)
	at org.openqa.selenium.support.ui.ExpectedConditions.elementIfVisible(ExpectedConditions.java:307)
	at org.openqa.selenium.support.ui.ExpectedConditions.access$000(ExpectedConditions.java:40)
	at org.openqa.selenium.support.ui.ExpectedConditions$10.apply(ExpectedConditions.java:293)
	at org.openqa.selenium.support.ui.ExpectedConditions$10.apply(ExpectedConditions.java:290)
	at org.openqa.selenium.support.ui.FluentWait.until(FluentWait.java:208)
	at utils.WebElementUtils.waitForVisibleElement(WebElementUtils.java:18)
	at pages.LoginPageCilsy.signInPageDisplayed(LoginPageCilsy.java:35)
	at stepDef.LoginStepDef.userLogsInWithTheirCredentials(LoginStepDef.java:16)
	at sun.reflect.GeneratedMethodAccessor105.invoke(Unknown Source)
	at sun.reflect.DelegatingMethodAccessorImpl.invoke(DelegatingMethodAccessorImpl.java:43)
	at java.lang.reflect.Method.invoke(Method.java:498)
	at io.cucumber.java.Invoker.doInvoke(Invoker.java:66)
	at io.cucumber.java.Invoker.invoke(Invoker.java:24)
	at io.cucumber.java.AbstractGlueDefinition.invokeMethod(AbstractGlueDefinition.java:47)
	at io.cucumber.java.JavaStepDefinition.execute(JavaStepDefinition.java:29)
	at io.cucumber.core.runner.CoreStepDefinition.execute(CoreStepDefinition.java:66)
	at io.cucumber.core.runner.PickleStepDefinitionMatch.runStep(PickleStepDefinitionMatch.java:63)
	at io.cucumber.core.runner.ExecutionMode$1.execute(ExecutionMode.java:10)
	at io.cucumber.core.runner.TestStep.executeStep(TestStep.java:85)
	at io.cucumber.core.runner.TestStep.run(TestStep.java:57)
	at io.cucumber.core.runner.PickleStepTestStep.run(PickleStepTestStep.java:51)
	at io.cucumber.core.runner.TestCase.run(TestCase.java:84)
	at io.cucumber.core.runner.Runner.runPickle(Runner.java:75)
	at io.cucumber.junit.PickleRunners$NoStepDescriptions.lambda$run$0(PickleRunners.java:151)
	at io.cucumber.core.runtime.CucumberExecutionContext.lambda$runTestCase$5(CucumberExecutionContext.java:129)
	at io.cucumber.core.runtime.RethrowingThrowableCollector.executeAndThrow(RethrowingThrowableCollector.java:23)
	at io.cucumber.core.runtime.CucumberExecutionContext.runTestCase(CucumberExecutionContext.java:129)
	at io.cucumber.junit.PickleRunners$NoStepDescriptions.run(PickleRunners.java:148)
	at io.cucumber.junit.FeatureRunner.runChild(FeatureRunner.java:144)
	at io.cucumber.junit.FeatureRunner.runChild(FeatureRunner.java:28)
	at org.junit.runners.ParentRunner$4.run(ParentRunner.java:331)
	at org.junit.runners.ParentRunner$1.schedule(ParentRunner.java:79)
	at org.junit.runners.ParentRunner.runChildren(ParentRunner.java:329)
	at org.junit.runners.ParentRunner.access$100(ParentRunner.java:66)
	at org.junit.runners.ParentRunner$2.evaluate(ParentRunner.java:293)
	at org.junit.runners.ParentRunner$3.evaluate(ParentRunner.java:306)
	at org.junit.runners.ParentRunner.run(ParentRunner.java:413)
	at io.cucumber.junit.FeatureRunner.run(FeatureRunner.java:137)
	at io.cucumber.junit.Cucumber.runChild(Cucumber.java:196)
	at io.cucumber.junit.Cucumber.runChild(Cucumber.java:89)
	at org.junit.runners.ParentRunner$4.run(ParentRunner.java:331)
	at org.junit.runners.ParentRunner$1.schedule(ParentRunner.java:79)
	at org.junit.runners.ParentRunner.runChildren(ParentRunner.java:329)
	at org.junit.runners.ParentRunner.access$100(ParentRunner.java:66)
	at org.junit.runners.ParentRunner$2.evaluate(ParentRunner.java:293)
	at io.cucumber.junit.Cucumber$RunBeforeAllHooks.evaluate(Cucumber.java:266)
	at io.cucumber.junit.Cucumber$RunAfterAllHooks.evaluate(Cucumber.java:281)
	at io.cucumber.junit.Cucumber$StartTestRun.evaluate(Cucumber.java:233)
	at io.cucumber.junit.Cucumber$FinishTestRun.evaluate(Cucumber.java:248)
	at org.junit.runners.ParentRunner$3.evaluate(ParentRunner.java:306)
	at org.junit.runners.ParentRunner.run(ParentRunner.java:413)
	at org.apache.maven.surefire.junit4.JUnit4Provider.execute(JUnit4Provider.java:365)
	at org.apache.maven.surefire.junit4.JUnit4Provider.executeWithRerun(JUnit4Provider.java:273)
	at org.apache.maven.surefire.junit4.JUnit4Provider.executeTestSet(JUnit4Provider.java:238)
	at org.apache.maven.surefire.junit4.JUnit4Provider.invoke(JUnit4Provider.java:159)
	at org.apache.maven.surefire.booter.ForkedBooter.invokeProviderInSameClassLoader(ForkedBooter.java:383)
	at org.apache.maven.surefire.booter.ForkedBooter.runSuitesInProcess(ForkedBooter.java:344)
	at org.apache.maven.surefire.booter.ForkedBooter.execute(ForkedBooter.java:125)
	at org.apache.maven.surefire.booter.ForkedBooter.main(ForkedBooter.java:417)
</pre>
      </div>
    </div>
  </div>


        
        

        

        

      </div>
          <div class="step">
        
<div class="brief skipped">
  <span class="keyword indention">When</span>
  <span class="name">User select existing company that already joined</span>
  
  <span class="lead-duration duration">000ms</span>

  </div>

        


        
        

        

        

      </div>
          <div class="step">
        
<div class="brief skipped">
  <span class="keyword indention">Then</span>
  <span class="name">Verify user on the Home page of the company</span>
  
  <span class="lead-duration duration">000ms</span>

  </div>

        


        
        

        

        

      </div>
      </div>
</div>


    

  </div>
</div>

                      
<div class="element">
  
  
<div class="tags indention">
       <a href="Regression.html">@Regression</a>
       <a href="Group_Chat.html">@Group_Chat</a>
       <a href="Positive.html">@Positive</a>
       <a href="GC_10.html">@GC_10</a>
  </div>


    <span data-toggle="collapse" class=" collapsed  collapsable-control" data-target="#element-63">
    
<div class="brief passed">
  <span class="keyword indention">Scenario</span>
  <span class="name">Verify user navigate to Home page when user click Home breadcrumb on the Group chat page</span>
  

       <i class="chevron fa fa-fw"></i>
  </div>

  </span>
  <div class="description indention"></div>

  <div id="element-63" class="collapse collapsable-details ">
    
  <div class="inner-level hooks-before">
        <div data-toggle="collapse" class=" collapsed  collapsable-control" data-target="#before-64">
      
<div class="brief passed">
  <span class="keyword indention">Hooks</span>
  <span class="name"></span>
  

       <i class="chevron fa fa-fw"></i>
  </div>

    </div>

    <div id="before-64" class="inner-level collapse collapsable-details ">
              <div class="hook">
          <div class="brief passed">
            <span class="keyword indention">Before</span>
                          <span class="location name">stepDef.BaseTest.setUp()</span>
                        
  <span class="lead-duration duration">12s 856ms</span>

          </div>

                      

          
          

        </div>
          </div>
  </div>


    
<div class="steps inner-level">
    <div data-toggle="collapse" class=" collapsed  collapsable-control" data-target="#steps-65">
    
<div class="brief failed">
  <span class="keyword indention">Steps</span>
  <span class="name"></span>
  

       <i class="chevron fa fa-fw"></i>
  </div>

  </div>

  <div id="steps-65" class="inner-level collapse collapsable-details ">
          <div class="step">
        
<div class="brief skipped">
  <span class="keyword indention">Given</span>
  <span class="name">User navigates to Group Chat page</span>
  
  <span class="lead-duration duration">000ms</span>

  </div>

        


        
        

        

        

      </div>
          <div class="step">
        
<div class="brief skipped">
  <span class="keyword indention">When</span>
  <span class="name">User select home</span>
  
  <span class="lead-duration duration">000ms</span>

  </div>

        


        
        

        

        

      </div>
          <div class="step">
        
<div class="brief skipped">
  <span class="keyword indention">Then</span>
  <span class="name">Verify user on the Home page of the company</span>
  
  <span class="lead-duration duration">000ms</span>

  </div>

        


        
        

        

        

      </div>
      </div>
</div>


    
  <div class="inner-level hooks-after">
        <div data-toggle="collapse" class=" collapsed  collapsable-control" data-target="#after-66">
      
<div class="brief passed">
  <span class="keyword indention">Hooks</span>
  <span class="name"></span>
  

       <i class="chevron fa fa-fw"></i>
  </div>

    </div>

    <div id="after-66" class="inner-level collapse collapsable-details ">
              <div class="hook">
          <div class="brief passed">
            <span class="keyword indention">After</span>
                          <span class="location name">stepDef.BaseTest.tearDownBrowser()</span>
                        
  <span class="lead-duration duration">706ms</span>

          </div>

                      

          
          

        </div>
          </div>
  </div>

  </div>
</div>

                      
<div class="element">
  
  
<div class="tags indention">
  </div>


    <span data-toggle="collapse" class=" collapsed  collapsable-control" data-target="#element-67">
    
<div class="brief passed">
  <span class="keyword indention">Background</span>
  <span class="name">User who has joined a company login with their credentials</span>
  

       <i class="chevron fa fa-fw"></i>
  </div>

  </span>
  <div class="description indention"></div>

  <div id="element-67" class="collapse collapsable-details ">
    


    
<div class="steps inner-level">
    <div data-toggle="collapse" class=" collapsed  collapsable-control" data-target="#steps-68">
    
<div class="brief failed">
  <span class="keyword indention">Steps</span>
  <span class="name"></span>
  

       <i class="chevron fa fa-fw"></i>
  </div>

  </div>

  <div id="steps-68" class="inner-level collapse collapsable-details ">
          <div class="step">
        
<div class="brief skipped">
  <span class="keyword indention">Given</span>
  <span class="name">User logs in with their credentials</span>
  
  <span class="lead-duration duration">000ms</span>

  </div>

        


        
        

        

        

      </div>
          <div class="step">
        
<div class="brief skipped">
  <span class="keyword indention">When</span>
  <span class="name">User select existing company that already joined</span>
  
  <span class="lead-duration duration">000ms</span>

  </div>

        


        
        

        

        

      </div>
          <div class="step">
        
<div class="brief skipped">
  <span class="keyword indention">Then</span>
  <span class="name">Verify user on the Home page of the company</span>
  
  <span class="lead-duration duration">000ms</span>

  </div>

        


        
        

        

        

      </div>
      </div>
</div>


    

  </div>
</div>

                      
<div class="element">
  
  
<div class="tags indention">
       <a href="Regression.html">@Regression</a>
       <a href="Group_Chat.html">@Group_Chat</a>
       <a href="Positive.html">@Positive</a>
       <a href="GC_11.html">@GC_11</a>
  </div>


    <span data-toggle="collapse" class=" collapsable-control" data-target="#element-69">
    
<div class="brief failed">
  <span class="keyword indention">Scenario</span>
  <span class="name">Verify user must see the menu list of the application when user click dropdown button on the Group chat page</span>
  

       <i class="chevron fa fa-fw"></i>
  </div>

  </span>
  <div class="description indention"></div>

  <div id="element-69" class="collapse collapsable-details  in ">
    
  <div class="inner-level hooks-before">
        <div data-toggle="collapse" class=" collapsable-control" data-target="#before-70">
      
<div class="brief failed">
  <span class="keyword indention">Hooks</span>
  <span class="name"></span>
  

       <i class="chevron fa fa-fw"></i>
  </div>

    </div>

    <div id="before-70" class="inner-level collapse collapsable-details  in ">
              <div class="hook">
          <div class="brief failed">
            <span class="keyword indention">Before</span>
                          <span class="location name">stepDef.BaseTest.setUp()</span>
                        
  <span class="lead-duration duration">3s 366ms</span>

          </div>

                      

  <div class="inner-level">
    <div class="message indention">
      <div data-toggle="collapse" class="collapsable-control" data-target="#msg-71">
          <a>Error message</a>
      </div>
      <div id="msg-71" class="collapse collapsable-details">
        <pre>org.openqa.selenium.WebDriverException: unknown error: net::ERR_INTERNET_DISCONNECTED
  (Session info: chrome=105.0.5195.127)
Build info: version: '4.4.0', revision: 'e5c75ed026a'
System info: host: 'DESKTOP-2394L3V', ip: '192.168.100.8', os.name: 'Windows 10', os.arch: 'amd64', os.version: '10.0', java.version: '1.8.0_333'
Driver info: org.openqa.selenium.chrome.ChromeDriver
Command: [d209e079eff0f03cb23dbc00f61d591a, get {url=https://staging.cicle.app}]
Capabilities {acceptInsecureCerts: false, browserName: chrome, browserVersion: 105.0.5195.127, chrome: {chromedriverVersion: 105.0.5195.52 (412c95e51883..., userDataDir: C:\Users\imadu\AppData\Loca...}, goog:chromeOptions: {debuggerAddress: localhost:54816}, networkConnectionEnabled: false, pageLoadStrategy: normal, platformName: WINDOWS, proxy: Proxy(), se:cdp: ws://localhost:54816/devtoo..., se:cdpVersion: 105.0.5195.127, setWindowRect: true, strictFileInteractability: false, timeouts: {implicit: 0, pageLoad: 300000, script: 30000}, unhandledPromptBehavior: dismiss and notify, webauthn:extension:credBlob: true, webauthn:extension:largeBlob: true, webauthn:virtualAuthenticators: true}
Session ID: d209e079eff0f03cb23dbc00f61d591a
	at sun.reflect.NativeConstructorAccessorImpl.newInstance0(Native Method)
	at sun.reflect.NativeConstructorAccessorImpl.newInstance(NativeConstructorAccessorImpl.java:62)
	at sun.reflect.DelegatingConstructorAccessorImpl.newInstance(DelegatingConstructorAccessorImpl.java:45)
	at java.lang.reflect.Constructor.newInstance(Constructor.java:423)
	at org.openqa.selenium.remote.codec.w3c.W3CHttpResponseCodec.createException(W3CHttpResponseCodec.java:200)
	at org.openqa.selenium.remote.codec.w3c.W3CHttpResponseCodec.decode(W3CHttpResponseCodec.java:133)
	at org.openqa.selenium.remote.codec.w3c.W3CHttpResponseCodec.decode(W3CHttpResponseCodec.java:53)
	at org.openqa.selenium.remote.HttpCommandExecutor.execute(HttpCommandExecutor.java:184)
	at org.openqa.selenium.remote.service.DriverCommandExecutor.invokeExecute(DriverCommandExecutor.java:167)
	at org.openqa.selenium.remote.service.DriverCommandExecutor.execute(DriverCommandExecutor.java:142)
	at org.openqa.selenium.remote.RemoteWebDriver.execute(RemoteWebDriver.java:547)
	at org.openqa.selenium.remote.RemoteWebDriver.get(RemoteWebDriver.java:310)
	at utils.DriverUtils.initDriver(DriverUtils.java:16)
	at utils.DriverUtils.getDriver(DriverUtils.java:22)
	at stepDef.BaseTest.setUp(BaseTest.java:13)
</pre>
      </div>
    </div>
  </div>

          
          

        </div>
          </div>
  </div>


    
<div class="steps inner-level">
    <div data-toggle="collapse" class=" collapsable-control" data-target="#steps-72">
    
<div class="brief failed">
  <span class="keyword indention">Steps</span>
  <span class="name"></span>
  

       <i class="chevron fa fa-fw"></i>
  </div>

  </div>

  <div id="steps-72" class="inner-level collapse collapsable-details  in ">
          <div class="step">
        
<div class="brief skipped">
  <span class="keyword indention">Given</span>
  <span class="name">User navigates to Group Chat page</span>
  
  <span class="lead-duration duration">000ms</span>

  </div>

        


        
        

        

        

      </div>
          <div class="step">
        
<div class="brief skipped">
  <span class="keyword indention">When</span>
  <span class="name">User select dropdown button</span>
  
  <span class="lead-duration duration">000ms</span>

  </div>

        


        
        

        

        

      </div>
          <div class="step">
        
<div class="brief skipped">
  <span class="keyword indention">Then</span>
  <span class="name">Verify dropdown has appeared</span>
  
  <span class="lead-duration duration">000ms</span>

  </div>

        


        
        

        

        

      </div>
      </div>
</div>


    
  <div class="inner-level hooks-after">
        <div data-toggle="collapse" class=" collapsed  collapsable-control" data-target="#after-73">
      
<div class="brief passed">
  <span class="keyword indention">Hooks</span>
  <span class="name"></span>
  

       <i class="chevron fa fa-fw"></i>
  </div>

    </div>

    <div id="after-73" class="inner-level collapse collapsable-details ">
              <div class="hook">
          <div class="brief passed">
            <span class="keyword indention">After</span>
                          <span class="location name">stepDef.BaseTest.tearDownBrowser()</span>
                        
  <span class="lead-duration duration">712ms</span>

          </div>

                      

          
          

        </div>
          </div>
  </div>

  </div>
</div>

                      
<div class="element">
  
  
<div class="tags indention">
  </div>


    <span data-toggle="collapse" class=" collapsed  collapsable-control" data-target="#element-74">
    
<div class="brief passed">
  <span class="keyword indention">Background</span>
  <span class="name">User who has joined a company login with their credentials</span>
  

       <i class="chevron fa fa-fw"></i>
  </div>

  </span>
  <div class="description indention"></div>

  <div id="element-74" class="collapse collapsable-details ">
    


    
<div class="steps inner-level">
    <div data-toggle="collapse" class=" collapsed  collapsable-control" data-target="#steps-75">
    
<div class="brief failed">
  <span class="keyword indention">Steps</span>
  <span class="name"></span>
  

       <i class="chevron fa fa-fw"></i>
  </div>

  </div>

  <div id="steps-75" class="inner-level collapse collapsable-details ">
          <div class="step">
        
<div class="brief skipped">
  <span class="keyword indention">Given</span>
  <span class="name">User logs in with their credentials</span>
  
  <span class="lead-duration duration">000ms</span>

  </div>

        


        
        

        

        

      </div>
          <div class="step">
        
<div class="brief skipped">
  <span class="keyword indention">When</span>
  <span class="name">User select existing company that already joined</span>
  
  <span class="lead-duration duration">000ms</span>

  </div>

        


        
        

        

        

      </div>
          <div class="step">
        
<div class="brief skipped">
  <span class="keyword indention">Then</span>
  <span class="name">Verify user on the Home page of the company</span>
  
  <span class="lead-duration duration">000ms</span>

  </div>

        


        
        

        

        

      </div>
      </div>
</div>


    

  </div>
</div>

                      
<div class="element">
  
  
<div class="tags indention">
       <a href="Regression.html">@Regression</a>
       <a href="Group_Chat.html">@Group_Chat</a>
       <a href="Positive.html">@Positive</a>
       <a href="GC_12.html">@GC_12</a>
  </div>


    <span data-toggle="collapse" class=" collapsable-control" data-target="#element-76">
    
<div class="brief failed">
  <span class="keyword indention">Scenario</span>
  <span class="name">Verify user navigate to Teams page when user click Overview in dropdown menu on the Group chat page</span>
  

       <i class="chevron fa fa-fw"></i>
  </div>

  </span>
  <div class="description indention"></div>

  <div id="element-76" class="collapse collapsable-details  in ">
    
  <div class="inner-level hooks-before">
        <div data-toggle="collapse" class=" collapsable-control" data-target="#before-77">
      
<div class="brief failed">
  <span class="keyword indention">Hooks</span>
  <span class="name"></span>
  

       <i class="chevron fa fa-fw"></i>
  </div>

    </div>

    <div id="before-77" class="inner-level collapse collapsable-details  in ">
              <div class="hook">
          <div class="brief failed">
            <span class="keyword indention">Before</span>
                          <span class="location name">stepDef.BaseTest.setUp()</span>
                        
  <span class="lead-duration duration">3s 379ms</span>

          </div>

                      

  <div class="inner-level">
    <div class="message indention">
      <div data-toggle="collapse" class="collapsable-control" data-target="#msg-78">
          <a>Error message</a>
      </div>
      <div id="msg-78" class="collapse collapsable-details">
        <pre>org.openqa.selenium.WebDriverException: unknown error: net::ERR_INTERNET_DISCONNECTED
  (Session info: chrome=105.0.5195.127)
Build info: version: '4.4.0', revision: 'e5c75ed026a'
System info: host: 'DESKTOP-2394L3V', ip: '192.168.100.8', os.name: 'Windows 10', os.arch: 'amd64', os.version: '10.0', java.version: '1.8.0_333'
Driver info: org.openqa.selenium.chrome.ChromeDriver
Command: [7f60a3f645705b0a1daed72c1e237d91, get {url=https://staging.cicle.app}]
Capabilities {acceptInsecureCerts: false, browserName: chrome, browserVersion: 105.0.5195.127, chrome: {chromedriverVersion: 105.0.5195.52 (412c95e51883..., userDataDir: C:\Users\imadu\AppData\Loca...}, goog:chromeOptions: {debuggerAddress: localhost:54842}, networkConnectionEnabled: false, pageLoadStrategy: normal, platformName: WINDOWS, proxy: Proxy(), se:cdp: ws://localhost:54842/devtoo..., se:cdpVersion: 105.0.5195.127, setWindowRect: true, strictFileInteractability: false, timeouts: {implicit: 0, pageLoad: 300000, script: 30000}, unhandledPromptBehavior: dismiss and notify, webauthn:extension:credBlob: true, webauthn:extension:largeBlob: true, webauthn:virtualAuthenticators: true}
Session ID: 7f60a3f645705b0a1daed72c1e237d91
	at sun.reflect.NativeConstructorAccessorImpl.newInstance0(Native Method)
	at sun.reflect.NativeConstructorAccessorImpl.newInstance(NativeConstructorAccessorImpl.java:62)
	at sun.reflect.DelegatingConstructorAccessorImpl.newInstance(DelegatingConstructorAccessorImpl.java:45)
	at java.lang.reflect.Constructor.newInstance(Constructor.java:423)
	at org.openqa.selenium.remote.codec.w3c.W3CHttpResponseCodec.createException(W3CHttpResponseCodec.java:200)
	at org.openqa.selenium.remote.codec.w3c.W3CHttpResponseCodec.decode(W3CHttpResponseCodec.java:133)
	at org.openqa.selenium.remote.codec.w3c.W3CHttpResponseCodec.decode(W3CHttpResponseCodec.java:53)
	at org.openqa.selenium.remote.HttpCommandExecutor.execute(HttpCommandExecutor.java:184)
	at org.openqa.selenium.remote.service.DriverCommandExecutor.invokeExecute(DriverCommandExecutor.java:167)
	at org.openqa.selenium.remote.service.DriverCommandExecutor.execute(DriverCommandExecutor.java:142)
	at org.openqa.selenium.remote.RemoteWebDriver.execute(RemoteWebDriver.java:547)
	at org.openqa.selenium.remote.RemoteWebDriver.get(RemoteWebDriver.java:310)
	at utils.DriverUtils.initDriver(DriverUtils.java:16)
	at utils.DriverUtils.getDriver(DriverUtils.java:22)
	at stepDef.BaseTest.setUp(BaseTest.java:13)
</pre>
      </div>
    </div>
  </div>

          
          

        </div>
          </div>
  </div>


    
<div class="steps inner-level">
    <div data-toggle="collapse" class=" collapsable-control" data-target="#steps-79">
    
<div class="brief failed">
  <span class="keyword indention">Steps</span>
  <span class="name"></span>
  

       <i class="chevron fa fa-fw"></i>
  </div>

  </div>

  <div id="steps-79" class="inner-level collapse collapsable-details  in ">
          <div class="step">
        
<div class="brief skipped">
  <span class="keyword indention">Given</span>
  <span class="name">User navigates to Group Chat page</span>
  
  <span class="lead-duration duration">000ms</span>

  </div>

        


        
        

        

        

      </div>
          <div class="step">
        
<div class="brief skipped">
  <span class="keyword indention">When</span>
  <span class="name">User select dropdown button</span>
  
  <span class="lead-duration duration">000ms</span>

  </div>

        


        
        

        

        

      </div>
          <div class="step">
        
<div class="brief skipped">
  <span class="keyword indention">And</span>
  <span class="name">User choose Overview</span>
  
  <span class="lead-duration duration">000ms</span>

  </div>

        


        
        

        

        

      </div>
          <div class="step">
        
<div class="brief skipped">
  <span class="keyword indention">Then</span>
  <span class="name">User on the Team page</span>
  
  <span class="lead-duration duration">000ms</span>

  </div>

        


        
        

        

        

      </div>
      </div>
</div>


    
  <div class="inner-level hooks-after">
        <div data-toggle="collapse" class=" collapsed  collapsable-control" data-target="#after-80">
      
<div class="brief passed">
  <span class="keyword indention">Hooks</span>
  <span class="name"></span>
  

       <i class="chevron fa fa-fw"></i>
  </div>

    </div>

    <div id="after-80" class="inner-level collapse collapsable-details ">
              <div class="hook">
          <div class="brief passed">
            <span class="keyword indention">After</span>
                          <span class="location name">stepDef.BaseTest.tearDownBrowser()</span>
                        
  <span class="lead-duration duration">667ms</span>

          </div>

                      

          
          

        </div>
          </div>
  </div>

  </div>
</div>

                      
<div class="element">
  
  
<div class="tags indention">
  </div>


    <span data-toggle="collapse" class=" collapsed  collapsable-control" data-target="#element-81">
    
<div class="brief passed">
  <span class="keyword indention">Background</span>
  <span class="name">User who has joined a company login with their credentials</span>
  

       <i class="chevron fa fa-fw"></i>
  </div>

  </span>
  <div class="description indention"></div>

  <div id="element-81" class="collapse collapsable-details ">
    


    
<div class="steps inner-level">
    <div data-toggle="collapse" class=" collapsed  collapsable-control" data-target="#steps-82">
    
<div class="brief failed">
  <span class="keyword indention">Steps</span>
  <span class="name"></span>
  

       <i class="chevron fa fa-fw"></i>
  </div>

  </div>

  <div id="steps-82" class="inner-level collapse collapsable-details ">
          <div class="step">
        
<div class="brief skipped">
  <span class="keyword indention">Given</span>
  <span class="name">User logs in with their credentials</span>
  
  <span class="lead-duration duration">000ms</span>

  </div>

        


        
        

        

        

      </div>
          <div class="step">
        
<div class="brief skipped">
  <span class="keyword indention">When</span>
  <span class="name">User select existing company that already joined</span>
  
  <span class="lead-duration duration">000ms</span>

  </div>

        


        
        

        

        

      </div>
          <div class="step">
        
<div class="brief skipped">
  <span class="keyword indention">Then</span>
  <span class="name">Verify user on the Home page of the company</span>
  
  <span class="lead-duration duration">000ms</span>

  </div>

        


        
        

        

        

      </div>
      </div>
</div>


    

  </div>
</div>

                      
<div class="element">
  
  
<div class="tags indention">
       <a href="Regression.html">@Regression</a>
       <a href="Group_Chat.html">@Group_Chat</a>
       <a href="Positive.html">@Positive</a>
       <a href="GC_13.html">@GC_13</a>
  </div>


    <span data-toggle="collapse" class=" collapsable-control" data-target="#element-83">
    
<div class="brief failed">
  <span class="keyword indention">Scenario</span>
  <span class="name">Verify user navigate to Blast page when user click Blast in dropdown menu on the Group chat page</span>
  

       <i class="chevron fa fa-fw"></i>
  </div>

  </span>
  <div class="description indention"></div>

  <div id="element-83" class="collapse collapsable-details  in ">
    
  <div class="inner-level hooks-before">
        <div data-toggle="collapse" class=" collapsable-control" data-target="#before-84">
      
<div class="brief failed">
  <span class="keyword indention">Hooks</span>
  <span class="name"></span>
  

       <i class="chevron fa fa-fw"></i>
  </div>

    </div>

    <div id="before-84" class="inner-level collapse collapsable-details  in ">
              <div class="hook">
          <div class="brief failed">
            <span class="keyword indention">Before</span>
                          <span class="location name">stepDef.BaseTest.setUp()</span>
                        
  <span class="lead-duration duration">3s 338ms</span>

          </div>

                      

  <div class="inner-level">
    <div class="message indention">
      <div data-toggle="collapse" class="collapsable-control" data-target="#msg-85">
          <a>Error message</a>
      </div>
      <div id="msg-85" class="collapse collapsable-details">
        <pre>org.openqa.selenium.WebDriverException: unknown error: net::ERR_INTERNET_DISCONNECTED
  (Session info: chrome=105.0.5195.127)
Build info: version: '4.4.0', revision: 'e5c75ed026a'
System info: host: 'DESKTOP-2394L3V', ip: '192.168.100.8', os.name: 'Windows 10', os.arch: 'amd64', os.version: '10.0', java.version: '1.8.0_333'
Driver info: org.openqa.selenium.chrome.ChromeDriver
Command: [293a8e09d9ea3ce86e8a37872edd2b90, get {url=https://staging.cicle.app}]
Capabilities {acceptInsecureCerts: false, browserName: chrome, browserVersion: 105.0.5195.127, chrome: {chromedriverVersion: 105.0.5195.52 (412c95e51883..., userDataDir: C:\Users\imadu\AppData\Loca...}, goog:chromeOptions: {debuggerAddress: localhost:54862}, networkConnectionEnabled: false, pageLoadStrategy: normal, platformName: WINDOWS, proxy: Proxy(), se:cdp: ws://localhost:54862/devtoo..., se:cdpVersion: 105.0.5195.127, setWindowRect: true, strictFileInteractability: false, timeouts: {implicit: 0, pageLoad: 300000, script: 30000}, unhandledPromptBehavior: dismiss and notify, webauthn:extension:credBlob: true, webauthn:extension:largeBlob: true, webauthn:virtualAuthenticators: true}
Session ID: 293a8e09d9ea3ce86e8a37872edd2b90
	at sun.reflect.NativeConstructorAccessorImpl.newInstance0(Native Method)
	at sun.reflect.NativeConstructorAccessorImpl.newInstance(NativeConstructorAccessorImpl.java:62)
	at sun.reflect.DelegatingConstructorAccessorImpl.newInstance(DelegatingConstructorAccessorImpl.java:45)
	at java.lang.reflect.Constructor.newInstance(Constructor.java:423)
	at org.openqa.selenium.remote.codec.w3c.W3CHttpResponseCodec.createException(W3CHttpResponseCodec.java:200)
	at org.openqa.selenium.remote.codec.w3c.W3CHttpResponseCodec.decode(W3CHttpResponseCodec.java:133)
	at org.openqa.selenium.remote.codec.w3c.W3CHttpResponseCodec.decode(W3CHttpResponseCodec.java:53)
	at org.openqa.selenium.remote.HttpCommandExecutor.execute(HttpCommandExecutor.java:184)
	at org.openqa.selenium.remote.service.DriverCommandExecutor.invokeExecute(DriverCommandExecutor.java:167)
	at org.openqa.selenium.remote.service.DriverCommandExecutor.execute(DriverCommandExecutor.java:142)
	at org.openqa.selenium.remote.RemoteWebDriver.execute(RemoteWebDriver.java:547)
	at org.openqa.selenium.remote.RemoteWebDriver.get(RemoteWebDriver.java:310)
	at utils.DriverUtils.initDriver(DriverUtils.java:16)
	at utils.DriverUtils.getDriver(DriverUtils.java:22)
	at stepDef.BaseTest.setUp(BaseTest.java:13)
</pre>
      </div>
    </div>
  </div>

          
          

        </div>
          </div>
  </div>


    
<div class="steps inner-level">
    <div data-toggle="collapse" class=" collapsable-control" data-target="#steps-86">
    
<div class="brief failed">
  <span class="keyword indention">Steps</span>
  <span class="name"></span>
  

       <i class="chevron fa fa-fw"></i>
  </div>

  </div>

  <div id="steps-86" class="inner-level collapse collapsable-details  in ">
          <div class="step">
        
<div class="brief skipped">
  <span class="keyword indention">Given</span>
  <span class="name">User navigates to Group Chat page</span>
  
  <span class="lead-duration duration">000ms</span>

  </div>

        


        
        

        

        

      </div>
          <div class="step">
        
<div class="brief skipped">
  <span class="keyword indention">When</span>
  <span class="name">User select dropdown button</span>
  
  <span class="lead-duration duration">000ms</span>

  </div>

        


        
        

        

        

      </div>
          <div class="step">
        
<div class="brief skipped">
  <span class="keyword indention">And</span>
  <span class="name">User choose Blast</span>
  
  <span class="lead-duration duration">000ms</span>

  </div>

        


        
        

        

        

      </div>
          <div class="step">
        
<div class="brief skipped">
  <span class="keyword indention">Then</span>
  <span class="name">User on the Blast page</span>
  
  <span class="lead-duration duration">000ms</span>

  </div>

        


        
        

        

        

      </div>
      </div>
</div>


    
  <div class="inner-level hooks-after">
        <div data-toggle="collapse" class=" collapsed  collapsable-control" data-target="#after-87">
      
<div class="brief passed">
  <span class="keyword indention">Hooks</span>
  <span class="name"></span>
  

       <i class="chevron fa fa-fw"></i>
  </div>

    </div>

    <div id="after-87" class="inner-level collapse collapsable-details ">
              <div class="hook">
          <div class="brief passed">
            <span class="keyword indention">After</span>
                          <span class="location name">stepDef.BaseTest.tearDownBrowser()</span>
                        
  <span class="lead-duration duration">671ms</span>

          </div>

                      

          
          

        </div>
          </div>
  </div>

  </div>
</div>

                      
<div class="element">
  
  
<div class="tags indention">
  </div>


    <span data-toggle="collapse" class=" collapsed  collapsable-control" data-target="#element-88">
    
<div class="brief passed">
  <span class="keyword indention">Background</span>
  <span class="name">User who has joined a company login with their credentials</span>
  

       <i class="chevron fa fa-fw"></i>
  </div>

  </span>
  <div class="description indention"></div>

  <div id="element-88" class="collapse collapsable-details ">
    


    
<div class="steps inner-level">
    <div data-toggle="collapse" class=" collapsed  collapsable-control" data-target="#steps-89">
    
<div class="brief failed">
  <span class="keyword indention">Steps</span>
  <span class="name"></span>
  

       <i class="chevron fa fa-fw"></i>
  </div>

  </div>

  <div id="steps-89" class="inner-level collapse collapsable-details ">
          <div class="step">
        
<div class="brief skipped">
  <span class="keyword indention">Given</span>
  <span class="name">User logs in with their credentials</span>
  
  <span class="lead-duration duration">000ms</span>

  </div>

        


        
        

        

        

      </div>
          <div class="step">
        
<div class="brief skipped">
  <span class="keyword indention">When</span>
  <span class="name">User select existing company that already joined</span>
  
  <span class="lead-duration duration">000ms</span>

  </div>

        


        
        

        

        

      </div>
          <div class="step">
        
<div class="brief skipped">
  <span class="keyword indention">Then</span>
  <span class="name">Verify user on the Home page of the company</span>
  
  <span class="lead-duration duration">000ms</span>

  </div>

        


        
        

        

        

      </div>
      </div>
</div>


    

  </div>
</div>

                      
<div class="element">
  
  
<div class="tags indention">
       <a href="Regression.html">@Regression</a>
       <a href="Group_Chat.html">@Group_Chat</a>
       <a href="Positive.html">@Positive</a>
       <a href="GC_14.html">@GC_14</a>
  </div>


    <span data-toggle="collapse" class=" collapsable-control" data-target="#element-90">
    
<div class="brief failed">
  <span class="keyword indention">Scenario</span>
  <span class="name">Verify user navigate to Board page when user click Board in dropdown menu on the Group chat page</span>
  

       <i class="chevron fa fa-fw"></i>
  </div>

  </span>
  <div class="description indention"></div>

  <div id="element-90" class="collapse collapsable-details  in ">
    
  <div class="inner-level hooks-before">
        <div data-toggle="collapse" class=" collapsable-control" data-target="#before-91">
      
<div class="brief failed">
  <span class="keyword indention">Hooks</span>
  <span class="name"></span>
  

       <i class="chevron fa fa-fw"></i>
  </div>

    </div>

    <div id="before-91" class="inner-level collapse collapsable-details  in ">
              <div class="hook">
          <div class="brief failed">
            <span class="keyword indention">Before</span>
                          <span class="location name">stepDef.BaseTest.setUp()</span>
                        
  <span class="lead-duration duration">3s 426ms</span>

          </div>

                      

  <div class="inner-level">
    <div class="message indention">
      <div data-toggle="collapse" class="collapsable-control" data-target="#msg-92">
          <a>Error message</a>
      </div>
      <div id="msg-92" class="collapse collapsable-details">
        <pre>org.openqa.selenium.WebDriverException: unknown error: net::ERR_INTERNET_DISCONNECTED
  (Session info: chrome=105.0.5195.127)
Build info: version: '4.4.0', revision: 'e5c75ed026a'
System info: host: 'DESKTOP-2394L3V', ip: '192.168.100.8', os.name: 'Windows 10', os.arch: 'amd64', os.version: '10.0', java.version: '1.8.0_333'
Driver info: org.openqa.selenium.chrome.ChromeDriver
Command: [6776d4a5d8636670af88100a3f5f146f, get {url=https://staging.cicle.app}]
Capabilities {acceptInsecureCerts: false, browserName: chrome, browserVersion: 105.0.5195.127, chrome: {chromedriverVersion: 105.0.5195.52 (412c95e51883..., userDataDir: C:\Users\imadu\AppData\Loca...}, goog:chromeOptions: {debuggerAddress: localhost:54882}, networkConnectionEnabled: false, pageLoadStrategy: normal, platformName: WINDOWS, proxy: Proxy(), se:cdp: ws://localhost:54882/devtoo..., se:cdpVersion: 105.0.5195.127, setWindowRect: true, strictFileInteractability: false, timeouts: {implicit: 0, pageLoad: 300000, script: 30000}, unhandledPromptBehavior: dismiss and notify, webauthn:extension:credBlob: true, webauthn:extension:largeBlob: true, webauthn:virtualAuthenticators: true}
Session ID: 6776d4a5d8636670af88100a3f5f146f
	at sun.reflect.NativeConstructorAccessorImpl.newInstance0(Native Method)
	at sun.reflect.NativeConstructorAccessorImpl.newInstance(NativeConstructorAccessorImpl.java:62)
	at sun.reflect.DelegatingConstructorAccessorImpl.newInstance(DelegatingConstructorAccessorImpl.java:45)
	at java.lang.reflect.Constructor.newInstance(Constructor.java:423)
	at org.openqa.selenium.remote.codec.w3c.W3CHttpResponseCodec.createException(W3CHttpResponseCodec.java:200)
	at org.openqa.selenium.remote.codec.w3c.W3CHttpResponseCodec.decode(W3CHttpResponseCodec.java:133)
	at org.openqa.selenium.remote.codec.w3c.W3CHttpResponseCodec.decode(W3CHttpResponseCodec.java:53)
	at org.openqa.selenium.remote.HttpCommandExecutor.execute(HttpCommandExecutor.java:184)
	at org.openqa.selenium.remote.service.DriverCommandExecutor.invokeExecute(DriverCommandExecutor.java:167)
	at org.openqa.selenium.remote.service.DriverCommandExecutor.execute(DriverCommandExecutor.java:142)
	at org.openqa.selenium.remote.RemoteWebDriver.execute(RemoteWebDriver.java:547)
	at org.openqa.selenium.remote.RemoteWebDriver.get(RemoteWebDriver.java:310)
	at utils.DriverUtils.initDriver(DriverUtils.java:16)
	at utils.DriverUtils.getDriver(DriverUtils.java:22)
	at stepDef.BaseTest.setUp(BaseTest.java:13)
</pre>
      </div>
    </div>
  </div>

          
          

        </div>
          </div>
  </div>


    
<div class="steps inner-level">
    <div data-toggle="collapse" class=" collapsable-control" data-target="#steps-93">
    
<div class="brief failed">
  <span class="keyword indention">Steps</span>
  <span class="name"></span>
  

       <i class="chevron fa fa-fw"></i>
  </div>

  </div>

  <div id="steps-93" class="inner-level collapse collapsable-details  in ">
          <div class="step">
        
<div class="brief skipped">
  <span class="keyword indention">Given</span>
  <span class="name">User navigates to Group Chat page</span>
  
  <span class="lead-duration duration">000ms</span>

  </div>

        


        
        

        

        

      </div>
          <div class="step">
        
<div class="brief skipped">
  <span class="keyword indention">When</span>
  <span class="name">User select dropdown button</span>
  
  <span class="lead-duration duration">000ms</span>

  </div>

        


        
        

        

        

      </div>
          <div class="step">
        
<div class="brief skipped">
  <span class="keyword indention">And</span>
  <span class="name">User choose Board</span>
  
  <span class="lead-duration duration">000ms</span>

  </div>

        


        
        

        

        

      </div>
          <div class="step">
        
<div class="brief skipped">
  <span class="keyword indention">Then</span>
  <span class="name">User on the Board page</span>
  
  <span class="lead-duration duration">000ms</span>

  </div>

        


        
        

        

        

      </div>
      </div>
</div>


    
  <div class="inner-level hooks-after">
        <div data-toggle="collapse" class=" collapsed  collapsable-control" data-target="#after-94">
      
<div class="brief passed">
  <span class="keyword indention">Hooks</span>
  <span class="name"></span>
  

       <i class="chevron fa fa-fw"></i>
  </div>

    </div>

    <div id="after-94" class="inner-level collapse collapsable-details ">
              <div class="hook">
          <div class="brief passed">
            <span class="keyword indention">After</span>
                          <span class="location name">stepDef.BaseTest.tearDownBrowser()</span>
                        
  <span class="lead-duration duration">690ms</span>

          </div>

                      

          
          

        </div>
          </div>
  </div>

  </div>
</div>

                  </div>

      </div>
    </div>
  </div>
</div>
<br>

<nav class="navbar navbar-default" id="footer">
  <div class="container-fluid">
    <p class="navbar-text navbar-right">
        <small>generate Cucumber HTML reports via:&nbsp;</small>
        <a class="navbar-link" href="https://github.com/jenkinsci/cucumber-reports-plugin">Jenkins Plugin</a> |
        <a class="navbar-link" href="https://github.com/damianszczepanik/cucumber-reporting">Standalone</a> |
        <a class="navbar-link" href="https://github.com/damianszczepanik/cucumber-sandwich">Sandwich</a> |
        <a class="navbar-link" href="https://github.com/damianszczepanik/maven-cucumber-reporting">Maven</a>
        &nbsp;&nbsp;
    </p>
  </div>
</nav>

</body>
</html>
